Using pre-set license
Built from '6000.0/staging' branch; Version is '6000.0.41f1 (46e447368a18) revision 4645959'; Using compiler version '193933523'; Build Type 'Release'
OS: 'Windows 11  (10.0.26100) 64bit Core' Language: 'ko' Physical Memory: 15964 MB
BatchMode: 1, IsHumanControllingUs: 0, StartBugReporterOnCrash: 0, Is64bit: 1, IsPro: 1

COMMAND LINE ARGUMENTS:
C:\Program Files\Unity\Hub\Editor\6000.0.41f1\Editor\Unity.exe
-adb2
-batchMode
-noUpm
-name
AssetImportWorker2
-projectPath
C:/Unity_Project/ForAnimals
-logFile
Logs/AssetImportWorker2.log
-srvPort
49763
-job-worker-count
8
-background-job-worker-count
8
-gc-helper-count
1
Successfully changed project path to: C:/Unity_Project/ForAnimals
C:/Unity_Project/ForAnimals
[UnityMemory] Configuration Parameters - Can be set up in boot.config
    "memorysetup-bucket-allocator-granularity=16"
    "memorysetup-bucket-allocator-bucket-count=8"
    "memorysetup-bucket-allocator-block-size=33554432"
    "memorysetup-bucket-allocator-block-count=8"
    "memorysetup-main-allocator-block-size=16777216"
    "memorysetup-thread-allocator-block-size=16777216"
    "memorysetup-gfx-main-allocator-block-size=16777216"
    "memorysetup-gfx-thread-allocator-block-size=16777216"
    "memorysetup-cache-allocator-block-size=4194304"
    "memorysetup-typetree-allocator-block-size=2097152"
    "memorysetup-profiler-bucket-allocator-granularity=16"
    "memorysetup-profiler-bucket-allocator-bucket-count=8"
    "memorysetup-profiler-bucket-allocator-block-size=33554432"
    "memorysetup-profiler-bucket-allocator-block-count=8"
    "memorysetup-profiler-allocator-block-size=16777216"
    "memorysetup-profiler-editor-allocator-block-size=1048576"
    "memorysetup-temp-allocator-size-main=16777216"
    "memorysetup-job-temp-allocator-block-size=2097152"
    "memorysetup-job-temp-allocator-block-size-background=1048576"
    "memorysetup-job-temp-allocator-reduction-small-platforms=262144"
    "memorysetup-allocator-temp-initial-block-size-main=262144"
    "memorysetup-allocator-temp-initial-block-size-worker=262144"
    "memorysetup-temp-allocator-size-background-worker=32768"
    "memorysetup-temp-allocator-size-job-worker=262144"
    "memorysetup-temp-allocator-size-preload-manager=33554432"
    "memorysetup-temp-allocator-size-nav-mesh-worker=65536"
    "memorysetup-temp-allocator-size-audio-worker=65536"
    "memorysetup-temp-allocator-size-cloud-worker=32768"
    "memorysetup-temp-allocator-size-gi-baking-worker=262144"
    "memorysetup-temp-allocator-size-gi-baking-worker=262144"
    "memorysetup-temp-allocator-size-gi-baking-worker=262144"
    "memorysetup-temp-allocator-size-gi-baking-worker=262144"
    "memorysetup-temp-allocator-size-gi-baking-worker=262144"
    "memorysetup-temp-allocator-size-gfx=262144"
Player connection [10752]  Target information:

Player connection [10752]  * "[IP] 172.111.116.7 [Port] 0 [Flags] 2 [Guid] 2276925416 [EditorId] 2276925416 [Version] 1048832 [Id] WindowsEditor(7,PC-Lee) [Debug] 1 [PackageName] WindowsEditor [ProjectName] Editor" 

Player connection [10752] Host joined multi-casting on [225.0.0.222:54997]...
Player connection [10752] Host joined alternative multi-casting on [225.0.0.222:34997]...
JobSystem: Creating JobQueue using job-worker-count value 8
Input System module state changed to: Initialized.
[Physics::Module] Initialized fallback backend.
[Physics::Module] Id: 0xdecafbad
Library Redirect Path: Library/
[Physics::Module] Selected backend.
[Physics::Module] Name: PhysX
[Physics::Module] Id: 0xf2b8ea05
[Physics::Module] SDK Version: 4.1.2
[Physics::Module] Integration Version: 1.0.0
[Physics::Module] Threading Mode: Multi-Threaded
Refreshing native plugins compatible for Editor in 319.19 ms, found 3 plugins.
Preloading 0 native plugins for Editor in 0.00 ms.
Initialize engine version: 6000.0.41f1 (46e447368a18)
[Subsystems] Discovering subsystems at path C:/Program Files/Unity/Hub/Editor/6000.0.41f1/Editor/Data/Resources/UnitySubsystems
[Subsystems] Discovering subsystems at path C:/Unity_Project/ForAnimals/Assets
GfxDevice: creating device client; kGfxThreadingModeNonThreaded
Direct3D:
    Version:  Direct3D 11.0 [level 11.1]
    Renderer: Intel(R) Arc(TM) Graphics (ID=0x7d55)
    Vendor:   Intel
    VRAM:     7982 MB
    Driver:   31.0.101.5333
Initialize mono
Mono path[0] = 'C:/Program Files/Unity/Hub/Editor/6000.0.41f1/Editor/Data/Managed'
Mono path[1] = 'C:/Program Files/Unity/Hub/Editor/6000.0.41f1/Editor/Data/MonoBleedingEdge/lib/mono/unityjit-win32'
Mono config path = 'C:/Program Files/Unity/Hub/Editor/6000.0.41f1/Editor/Data/MonoBleedingEdge/etc'
Using monoOptions --debugger-agent=transport=dt_socket,embedding=1,server=y,suspend=n,address=127.0.0.1:56060
Begin MonoManager ReloadAssembly
Registering precompiled unity dll's ...
Register platform support module: C:/Program Files/Unity/Hub/Editor/6000.0.41f1/Editor/Data/PlaybackEngines/WebGLSupport/UnityEditor.WebGL.Extensions.dll
Register platform support module: C:/Program Files/Unity/Hub/Editor/6000.0.41f1/Editor/Data/PlaybackEngines/WindowsStandaloneSupport/UnityEditor.WindowsStandalone.Extensions.dll
Registered in 1.155274 seconds.
- Loaded All Assemblies, in 22.412 seconds
Native extension for WindowsStandalone target not found
Native extension for WebGL target not found
Mono: successfully reloaded assembly
- Finished resetting the current domain, in  0.497 seconds
Domain Reload Profiling: 22908ms
	BeginReloadAssembly (17205ms)
		ExecutionOrderSort (0ms)
		DisableScriptedObjects (0ms)
		BackupInstance (0ms)
		ReleaseScriptingObjects (0ms)
		CreateAndSetChildDomain (1ms)
	RebuildCommonClasses (1062ms)
	RebuildNativeTypeToScriptingClass (15ms)
	initialDomainReloadingComplete (1217ms)
	LoadAllAssembliesAndSetupDomain (2912ms)
		LoadAssemblies (17221ms)
		RebuildTransferFunctionScriptingTraits (0ms)
		AnalyzeDomain (2887ms)
			TypeCache.Refresh (2883ms)
				TypeCache.ScanAssembly (2216ms)
			BuildScriptInfoCaches (0ms)
			ResolveRequiredComponents (3ms)
	FinalizeReload (498ms)
		ReleaseScriptCaches (0ms)
		RebuildScriptCaches (0ms)
		SetupLoadedEditorAssemblies (454ms)
			LogAssemblyErrors (0ms)
			InitializePlatformSupportModulesInManaged (26ms)
			SetLoadedEditorAssemblies (5ms)
			BeforeProcessingInitializeOnLoad (81ms)
			ProcessInitializeOnLoadAttributes (244ms)
			ProcessInitializeOnLoadMethodAttributes (98ms)
			AfterProcessingInitializeOnLoad (0ms)
			EditorAssembliesLoaded (0ms)
		ExecutionOrderSort2 (0ms)
		AwakeInstancesAfterBackupRestoration (0ms)
Assembly reference Packages/com.unity.cinemachine/Editor/Samples/ExposeHDRPInternals/HDRP-Editor-ref.asmref has no target assembly definition
========================================================================
Worker process is ready to serve import requests
Import Worker Mode flag is 0x00
Assembly reference Packages/com.unity.cinemachine/Editor/Samples/ExposeHDRPInternals/HDRP-Editor-ref.asmref has no target assembly definition
Assembly reference Packages/com.unity.cinemachine/Editor/Samples/ExposeHDRPInternals/HDRP-Editor-ref.asmref has no target assembly definition
Begin MonoManager ReloadAssembly
- Loaded All Assemblies, in 26.369 seconds
Assembly reference Packages/com.unity.cinemachine/Editor/Samples/ExposeHDRPInternals/HDRP-Editor-ref.asmref has no target assembly definition
'Packages/com.unity.cinemachine/Editor/Obsolete/CinemachineVirtualCameraBaseEditor.cs' contains partial class of Unity.Object, exactly 1 of the partial classes needs to be in a file with the same filename. This is to know the one that can be referenced from ie. GameObjects
'Packages/com.unity.cinemachine/Editor/Editors/CinemachineVirtualCameraBaseEditor.cs' contains partial class of Unity.Object, exactly 1 of the partial classes needs to be in a file with the same filename. This is to know the one that can be referenced from ie. GameObjects
Refreshing native plugins compatible for Editor in 0.78 ms, found 3 plugins.
Native extension for WindowsStandalone target not found
Native extension for WebGL target not found
Assembly reference Packages/com.unity.cinemachine/Editor/Samples/ExposeHDRPInternals/HDRP-Editor-ref.asmref has no target assembly definition
Package Manager log level set to [2]
[Package Manager] Failed to launch server process. Reason: Unity was launched with the -noUpm command-line argument
[Package Manager] Unable to send message (not connected to server process).
[Package Manager] Cannot connect to Unity Package Manager local server
[MODES] ModeService[none].Initialize
[MODES] ModeService[none].LoadModes
[MODES] Loading mode Default (0) for mode-current-id-My project
Mono: successfully reloaded assembly
- Finished resetting the current domain, in  3.567 seconds
Domain Reload Profiling: 29932ms
	BeginReloadAssembly (198ms)
		ExecutionOrderSort (0ms)
		DisableScriptedObjects (5ms)
		BackupInstance (0ms)
		ReleaseScriptingObjects (0ms)
		CreateAndSetChildDomain (35ms)
	RebuildCommonClasses (31ms)
	RebuildNativeTypeToScriptingClass (10ms)
	initialDomainReloadingComplete (41ms)
	LoadAllAssembliesAndSetupDomain (26084ms)
		LoadAssemblies (24681ms)
		RebuildTransferFunctionScriptingTraits (0ms)
		AnalyzeDomain (1521ms)
			TypeCache.Refresh (1452ms)
				TypeCache.ScanAssembly (1294ms)
			BuildScriptInfoCaches (56ms)
			ResolveRequiredComponents (11ms)
	FinalizeReload (3568ms)
		ReleaseScriptCaches (0ms)
		RebuildScriptCaches (0ms)
		SetupLoadedEditorAssemblies (2527ms)
			LogAssemblyErrors (0ms)
			InitializePlatformSupportModulesInManaged (3ms)
			SetLoadedEditorAssemblies (3ms)
			BeforeProcessingInitializeOnLoad (156ms)
			ProcessInitializeOnLoadAttributes (1767ms)
			ProcessInitializeOnLoadMethodAttributes (592ms)
			AfterProcessingInitializeOnLoad (6ms)
			EditorAssembliesLoaded (0ms)
		ExecutionOrderSort2 (0ms)
		AwakeInstancesAfterBackupRestoration (5ms)
Launched and connected shader compiler UnityShaderCompiler.exe after 0.02 seconds
Refreshing native plugins compatible for Editor in 0.90 ms, found 3 plugins.
Preloading 0 native plugins for Editor in 0.00 ms.
Unloading 282 Unused Serialized files (Serialized files now loaded: 0)
Unloading 6975 unused Assets / (4.7 MB). Loaded Objects now: 7731.
Memory consumption went from 201.6 MB to 196.9 MB.
Total: 14.577700 ms (FindLiveObjects: 1.219200 ms CreateObjectMapping: 0.943900 ms MarkObjects: 9.240100 ms  DeleteObjects: 3.172800 ms)

========================================================================
Received Import Request.
  Time since last request: 1601.952750 seconds.
  path: Assets/polyperfect/Low Poly Ultimate Pack/T/- Meshes_T/Terrains_T/Planes_T/terrain-plane-slope3.fbx
  artifactKey: Guid(545332f82cf164bb585241b4d935772a) Importer(815301076,1909f56bfc062723c751e8b465ee728b)
Start importing Assets/polyperfect/Low Poly Ultimate Pack/T/- Meshes_T/Terrains_T/Planes_T/terrain-plane-slope3.fbx using Guid(545332f82cf164bb585241b4d935772a) Importer(815301076,1909f56bfc062723c751e8b465ee728b) (PreviewImporter) -> (artifact id: 'df004a1d14d961d53d496c9222bbbd21') in 0.5990278 seconds
Number of updated asset objects reloaded before import = 0Number of asset objects unloaded after import = 7

========================================================================
Received Import Request.
  Time since last request: 0.000057 seconds.
  path: Assets/polyperfect/Low Poly Ultimate Pack/T/- Meshes_T/Terrains_T/Planes_T/terrain-plane-hill1.fbx
  artifactKey: Guid(c5fa2b1f83e5f4afaaeae9fbe3b65f54) Importer(815301076,1909f56bfc062723c751e8b465ee728b)
Start importing Assets/polyperfect/Low Poly Ultimate Pack/T/- Meshes_T/Terrains_T/Planes_T/terrain-plane-hill1.fbx using Guid(c5fa2b1f83e5f4afaaeae9fbe3b65f54) Importer(815301076,1909f56bfc062723c751e8b465ee728b) (PreviewImporter) -> (artifact id: '2588a1cd503be0550f7bd1e53809434f') in 0.0404609 seconds
Number of updated asset objects reloaded before import = 0Number of asset objects unloaded after import = 7

========================================================================
Received Import Request.
  Time since last request: 0.000039 seconds.
  path: Assets/polyperfect/Low Poly Ultimate Pack/T/- Meshes_T/Terrains_T/Planes_T/terrain-plane-hill2.fbx
  artifactKey: Guid(21941c6a38c934d6aa1acb081323421d) Importer(815301076,1909f56bfc062723c751e8b465ee728b)
Start importing Assets/polyperfect/Low Poly Ultimate Pack/T/- Meshes_T/Terrains_T/Planes_T/terrain-plane-hill2.fbx using Guid(21941c6a38c934d6aa1acb081323421d) Importer(815301076,1909f56bfc062723c751e8b465ee728b) (PreviewImporter) -> (artifact id: 'e186655aaed80902f7d2fbcb0bc2e6c1') in 0.0444056 seconds
Number of updated asset objects reloaded before import = 0Number of asset objects unloaded after import = 7

========================================================================
Received Import Request.
  Time since last request: 0.000029 seconds.
  path: Assets/polyperfect/Low Poly Ultimate Pack/M/- Prefabs_M/Scifi_M/scifi-planet-base-connector-four.prefab
  artifactKey: Guid(56761d3858d254845bfbe49d8b3d0dea) Importer(815301076,1909f56bfc062723c751e8b465ee728b)
Start importing Assets/polyperfect/Low Poly Ultimate Pack/M/- Prefabs_M/Scifi_M/scifi-planet-base-connector-four.prefab using Guid(56761d3858d254845bfbe49d8b3d0dea) Importer(815301076,1909f56bfc062723c751e8b465ee728b) (PreviewImporter) -> (artifact id: 'f3a22de19fcbe3545c0bf2e4f143a092') in 0.0963196 seconds
Number of updated asset objects reloaded before import = 0Number of asset objects unloaded after import = 15

========================================================================
Received Import Request.
  Time since last request: 0.000026 seconds.
  path: Assets/polyperfect/Low Poly Ultimate Pack/M/- Meshes_M/Scifi_M/scifi-planet-base-hall-middle.fbx
  artifactKey: Guid(0bf26c48b310471438ccf390d793e049) Importer(815301076,1909f56bfc062723c751e8b465ee728b)
Start importing Assets/polyperfect/Low Poly Ultimate Pack/M/- Meshes_M/Scifi_M/scifi-planet-base-hall-middle.fbx using Guid(0bf26c48b310471438ccf390d793e049) Importer(815301076,1909f56bfc062723c751e8b465ee728b) (PreviewImporter) -> (artifact id: 'f0b2cc0d506af8fcc1043c69994d8b59') in 0.0403421 seconds
Number of updated asset objects reloaded before import = 0Number of asset objects unloaded after import = 7

========================================================================
Received Import Request.
  Time since last request: 0.000040 seconds.
  path: Assets/polyperfect/Low Poly Ultimate Pack/T/- Prefabs_T/Apocalypse_T/plane-passenger-apocalypse.prefab
  artifactKey: Guid(3df18ae182ac5f84dadf4e719ddc7356) Importer(815301076,1909f56bfc062723c751e8b465ee728b)
Start importing Assets/polyperfect/Low Poly Ultimate Pack/T/- Prefabs_T/Apocalypse_T/plane-passenger-apocalypse.prefab using Guid(3df18ae182ac5f84dadf4e719ddc7356) Importer(815301076,1909f56bfc062723c751e8b465ee728b) (PreviewImporter) -> (artifact id: 'f960180f54efc510125eeb42c9ee0676') in 0.0433977 seconds
Number of updated asset objects reloaded before import = 0Number of asset objects unloaded after import = 20

========================================================================
Received Import Request.
  Time since last request: 0.000029 seconds.
  path: Assets/polyperfect/Low Poly Ultimate Pack/M/- Meshes_M/Scifi_M/scifi-planet-base-hall-two-middle.fbx
  artifactKey: Guid(de6b084366cc9764ba381370aadd2870) Importer(815301076,1909f56bfc062723c751e8b465ee728b)
Start importing Assets/polyperfect/Low Poly Ultimate Pack/M/- Meshes_M/Scifi_M/scifi-planet-base-hall-two-middle.fbx using Guid(de6b084366cc9764ba381370aadd2870) Importer(815301076,1909f56bfc062723c751e8b465ee728b) (PreviewImporter) -> (artifact id: '9a9983eec9e81e71338be45053239915') in 0.0403999 seconds
Number of updated asset objects reloaded before import = 0Number of asset objects unloaded after import = 7

========================================================================
Received Import Request.
  Time since last request: 0.000028 seconds.
  path: Assets/polyperfect/Low Poly Ultimate Pack/M/- Prefabs_M/Terrains_M/Planes_M/terrain-plane-hill4.prefab
  artifactKey: Guid(dd31808da90f7c24ca1fb7c983ddcb05) Importer(815301076,1909f56bfc062723c751e8b465ee728b)
Start importing Assets/polyperfect/Low Poly Ultimate Pack/M/- Prefabs_M/Terrains_M/Planes_M/terrain-plane-hill4.prefab using Guid(dd31808da90f7c24ca1fb7c983ddcb05) Importer(815301076,1909f56bfc062723c751e8b465ee728b) (PreviewImporter) -> (artifact id: 'f423f9c2244598f23ad9c0183e0a859c') in 0.0362788 seconds
Number of updated asset objects reloaded before import = 0Number of asset objects unloaded after import = 9

========================================================================
Received Import Request.
  Time since last request: 0.000031 seconds.
  path: Assets/polyperfect/Low Poly Ultimate Pack/M/- Meshes_M/Terrains_M/Planes_M/terrain-plane-valley3.fbx
  artifactKey: Guid(caf5b40037e20402e85d8c14e0caebef) Importer(815301076,1909f56bfc062723c751e8b465ee728b)
Start importing Assets/polyperfect/Low Poly Ultimate Pack/M/- Meshes_M/Terrains_M/Planes_M/terrain-plane-valley3.fbx using Guid(caf5b40037e20402e85d8c14e0caebef) Importer(815301076,1909f56bfc062723c751e8b465ee728b) (PreviewImporter) -> (artifact id: '32329df25cc027a7d86c4026ee58b09e') in 0.0398276 seconds
Number of updated asset objects reloaded before import = 0Number of asset objects unloaded after import = 7

========================================================================
Received Import Request.
  Time since last request: 0.000049 seconds.
  path: Assets/polyperfect/Low Poly Ultimate Pack/T/- Prefabs_T/Scifi_T/scifi-planet-base-room.prefab
  artifactKey: Guid(07cbeed01f73b8e4698bc2009981bc6a) Importer(815301076,1909f56bfc062723c751e8b465ee728b)
Start importing Assets/polyperfect/Low Poly Ultimate Pack/T/- Prefabs_T/Scifi_T/scifi-planet-base-room.prefab using Guid(07cbeed01f73b8e4698bc2009981bc6a) Importer(815301076,1909f56bfc062723c751e8b465ee728b) (PreviewImporter) -> (artifact id: 'b8391a25c3558e023d719b4a0f59883f') in 0.0340185 seconds
Number of updated asset objects reloaded before import = 0Number of asset objects unloaded after import = 12

========================================================================
Received Import Request.
  Time since last request: 0.000027 seconds.
  path: Assets/polyperfect/Low Poly Ultimate Pack/M/- Prefabs_M/Terrains_M/Planes_M/terrain-plane-valley1.prefab
  artifactKey: Guid(28b98bc535eee0d448a4dc6dc88e9402) Importer(815301076,1909f56bfc062723c751e8b465ee728b)
Start importing Assets/polyperfect/Low Poly Ultimate Pack/M/- Prefabs_M/Terrains_M/Planes_M/terrain-plane-valley1.prefab using Guid(28b98bc535eee0d448a4dc6dc88e9402) Importer(815301076,1909f56bfc062723c751e8b465ee728b) (PreviewImporter) -> (artifact id: 'e8352d790b4de801d1119fa06868b8ff') in 0.0339385 seconds
Number of updated asset objects reloaded before import = 0Number of asset objects unloaded after import = 9

========================================================================
Received Import Request.
  Time since last request: 0.000044 seconds.
  path: Assets/polyperfect/Low Poly Ultimate Pack/T/- Prefabs_T/Scifi_T/scifi-planet-base-generator-big.prefab
  artifactKey: Guid(32495fdc67c047342a5215e0b9d69aa1) Importer(815301076,1909f56bfc062723c751e8b465ee728b)
Start importing Assets/polyperfect/Low Poly Ultimate Pack/T/- Prefabs_T/Scifi_T/scifi-planet-base-generator-big.prefab using Guid(32495fdc67c047342a5215e0b9d69aa1) Importer(815301076,1909f56bfc062723c751e8b465ee728b) (PreviewImporter) -> (artifact id: '07c38b3ed3149674f4465efaedbc257d') in 0.0355468 seconds
Number of updated asset objects reloaded before import = 0Number of asset objects unloaded after import = 12

========================================================================
Received Import Request.
  Time since last request: 0.000048 seconds.
  path: Assets/polyperfect/Low Poly Ultimate Pack/M/- Meshes_M/Terrains_M/Planes_M/terrain-plane-valley2.fbx
  artifactKey: Guid(eaad1cd3c5a7742f5b2e765012a9c3cc) Importer(815301076,1909f56bfc062723c751e8b465ee728b)
Start importing Assets/polyperfect/Low Poly Ultimate Pack/M/- Meshes_M/Terrains_M/Planes_M/terrain-plane-valley2.fbx using Guid(eaad1cd3c5a7742f5b2e765012a9c3cc) Importer(815301076,1909f56bfc062723c751e8b465ee728b) (PreviewImporter) -> (artifact id: '813c93737238ab8de010e2ec5ac9f752') in 0.034189 seconds
Number of updated asset objects reloaded before import = 0Number of asset objects unloaded after import = 7

========================================================================
Received Import Request.
  Time since last request: 0.000040 seconds.
  path: Assets/polyperfect/Low Poly Ultimate Pack/T/- Meshes_T/Terrains_T/Planes_T/terrain-plane-valley1.fbx
  artifactKey: Guid(f19c78614c5d346ca95d834b7ab17fd3) Importer(815301076,1909f56bfc062723c751e8b465ee728b)
Start importing Assets/polyperfect/Low Poly Ultimate Pack/T/- Meshes_T/Terrains_T/Planes_T/terrain-plane-valley1.fbx using Guid(f19c78614c5d346ca95d834b7ab17fd3) Importer(815301076,1909f56bfc062723c751e8b465ee728b) (PreviewImporter) -> (artifact id: '724c1259a29a09d4a85be01e9e6029e2') in 0.0312018 seconds
Number of updated asset objects reloaded before import = 0Number of asset objects unloaded after import = 7

========================================================================
Received Import Request.
  Time since last request: 0.000217 seconds.
  path: Assets/polyperfect/Low Poly Ultimate Pack/M/- Prefabs_M/Terrains_M/Planes_M/terrain-plane-hill1.prefab
  artifactKey: Guid(7f1b282f38132324e8fd0fc3a592d693) Importer(815301076,1909f56bfc062723c751e8b465ee728b)
Start importing Assets/polyperfect/Low Poly Ultimate Pack/M/- Prefabs_M/Terrains_M/Planes_M/terrain-plane-hill1.prefab using Guid(7f1b282f38132324e8fd0fc3a592d693) Importer(815301076,1909f56bfc062723c751e8b465ee728b) (PreviewImporter) -> (artifact id: 'be78e5422e89805c1c53ac18bd2d2641') in 0.0296794 seconds
Number of updated asset objects reloaded before import = 0Number of asset objects unloaded after import = 9

========================================================================
Received Import Request.
  Time since last request: 0.000040 seconds.
  path: Assets/polyperfect/Low Poly Ultimate Pack/T/- Meshes_T/Scifi_T/scifi-planet-base-generator-big.fbx
  artifactKey: Guid(cbf376fd4f648374d82c6b8c963ca6ab) Importer(815301076,1909f56bfc062723c751e8b465ee728b)
Start importing Assets/polyperfect/Low Poly Ultimate Pack/T/- Meshes_T/Scifi_T/scifi-planet-base-generator-big.fbx using Guid(cbf376fd4f648374d82c6b8c963ca6ab) Importer(815301076,1909f56bfc062723c751e8b465ee728b) (PreviewImporter) -> (artifact id: '925ff0944c57d6b9362c9172124789e7') in 0.0329759 seconds
Number of updated asset objects reloaded before import = 0Number of asset objects unloaded after import = 7

========================================================================
Received Import Request.
  Time since last request: 0.000043 seconds.
  path: Assets/polyperfect/Low Poly Ultimate Pack/M/- Prefabs_M/Scifi_M/scifi-planet-base-hall-two-end.prefab
  artifactKey: Guid(c5939f1942b99754dae26f77d81f340b) Importer(815301076,1909f56bfc062723c751e8b465ee728b)
Start importing Assets/polyperfect/Low Poly Ultimate Pack/M/- Prefabs_M/Scifi_M/scifi-planet-base-hall-two-end.prefab using Guid(c5939f1942b99754dae26f77d81f340b) Importer(815301076,1909f56bfc062723c751e8b465ee728b) (PreviewImporter) -> (artifact id: 'bc3a4bd74d7db7f3aeec99f062a079b7') in 0.0338656 seconds
Number of updated asset objects reloaded before import = 0Number of asset objects unloaded after import = 13

========================================================================
Received Import Request.
  Time since last request: 0.000029 seconds.
  path: Assets/polyperfect/Low Poly Ultimate Pack/T/- Prefabs_T/Scifi_T/scifi-planet-base-hall-two-start.prefab
  artifactKey: Guid(7ec0f2c25eead884c88669af5f927725) Importer(815301076,1909f56bfc062723c751e8b465ee728b)
Start importing Assets/polyperfect/Low Poly Ultimate Pack/T/- Prefabs_T/Scifi_T/scifi-planet-base-hall-two-start.prefab using Guid(7ec0f2c25eead884c88669af5f927725) Importer(815301076,1909f56bfc062723c751e8b465ee728b) (PreviewImporter) -> (artifact id: 'e3c1a799c33185af42fc45740c2912cd') in 0.0356293 seconds
Number of updated asset objects reloaded before import = 0Number of asset objects unloaded after import = 12

========================================================================
Received Import Request.
  Time since last request: 0.000106 seconds.
  path: Assets/polyperfect/Low Poly Animated Animals/- Prefabs/Nature/Leaf_Plane.prefab
  artifactKey: Guid(7514b26b8c678431d8f9a9491a5abdcc) Importer(815301076,1909f56bfc062723c751e8b465ee728b)
Start importing Assets/polyperfect/Low Poly Animated Animals/- Prefabs/Nature/Leaf_Plane.prefab using Guid(7514b26b8c678431d8f9a9491a5abdcc) Importer(815301076,1909f56bfc062723c751e8b465ee728b) (PreviewImporter) -> (artifact id: '6d275f02daf170c9d0025ef08f11ed00') in 0.1006665 seconds
Number of updated asset objects reloaded before import = 0Number of asset objects unloaded after import = 11

========================================================================
Received Import Request.
  Time since last request: 0.000026 seconds.
  path: Assets/polyperfect/Low Poly Ultimate Pack/T/- Prefabs_T/Scifi_T/scifi-planet-base-side-sleeping.prefab
  artifactKey: Guid(0fe1a5df0d5458645a8953cda20d876a) Importer(815301076,1909f56bfc062723c751e8b465ee728b)
Start importing Assets/polyperfect/Low Poly Ultimate Pack/T/- Prefabs_T/Scifi_T/scifi-planet-base-side-sleeping.prefab using Guid(0fe1a5df0d5458645a8953cda20d876a) Importer(815301076,1909f56bfc062723c751e8b465ee728b) (PreviewImporter) -> (artifact id: 'd766c80e9c8272d3134fafdfbc37acb0') in 0.0336154 seconds
Number of updated asset objects reloaded before import = 0Number of asset objects unloaded after import = 12

========================================================================
Received Import Request.
  Time since last request: 0.000041 seconds.
  path: Assets/polyperfect/Low Poly Ultimate Pack/M/- Meshes_M/Terrains_M/Planes_M/terrain-plane-hill3.fbx
  artifactKey: Guid(1b90b135b96314586a98b5645fecbaca) Importer(815301076,1909f56bfc062723c751e8b465ee728b)
Start importing Assets/polyperfect/Low Poly Ultimate Pack/M/- Meshes_M/Terrains_M/Planes_M/terrain-plane-hill3.fbx using Guid(1b90b135b96314586a98b5645fecbaca) Importer(815301076,1909f56bfc062723c751e8b465ee728b) (PreviewImporter) -> (artifact id: '7c22ff272f862a00cd0c661fe57c49bf') in 0.0418371 seconds
Number of updated asset objects reloaded before import = 0Number of asset objects unloaded after import = 7

========================================================================
Received Import Request.
  Time since last request: 0.000051 seconds.
  path: Assets/polyperfect/Low Poly Ultimate Pack/M/- Prefabs_M/Terrains_M/Planes_M/terrain-plane-slope1.prefab
  artifactKey: Guid(4a012b5dd9ca5b446bc8de5a74027375) Importer(815301076,1909f56bfc062723c751e8b465ee728b)
Start importing Assets/polyperfect/Low Poly Ultimate Pack/M/- Prefabs_M/Terrains_M/Planes_M/terrain-plane-slope1.prefab using Guid(4a012b5dd9ca5b446bc8de5a74027375) Importer(815301076,1909f56bfc062723c751e8b465ee728b) (PreviewImporter) -> (artifact id: 'c5d1666efcd1bfc59d0863e3c3073bbf') in 0.0333874 seconds
Number of updated asset objects reloaded before import = 0Number of asset objects unloaded after import = 9

========================================================================
Received Import Request.
  Time since last request: 0.000069 seconds.
  path: Assets/polyperfect/Low Poly Ultimate Pack/M/- Meshes_M/Space_M/planet-ring.fbx
  artifactKey: Guid(dc9dba0098fee42dcb0d8bd091b7be5a) Importer(815301076,1909f56bfc062723c751e8b465ee728b)
Start importing Assets/polyperfect/Low Poly Ultimate Pack/M/- Meshes_M/Space_M/planet-ring.fbx using Guid(dc9dba0098fee42dcb0d8bd091b7be5a) Importer(815301076,1909f56bfc062723c751e8b465ee728b) (PreviewImporter) -> (artifact id: 'f193cb4714446c099e6ad4c3f6036b35') in 0.0355688 seconds
Number of updated asset objects reloaded before import = 0Number of asset objects unloaded after import = 7

========================================================================
Received Import Request.
  Time since last request: 0.000025 seconds.
  path: Assets/polyperfect/Low Poly Ultimate Pack/M/- Meshes_M/Space_M/planet-sea.fbx
  artifactKey: Guid(f79bd44c66cf347c88010b9a95935391) Importer(815301076,1909f56bfc062723c751e8b465ee728b)
Start importing Assets/polyperfect/Low Poly Ultimate Pack/M/- Meshes_M/Space_M/planet-sea.fbx using Guid(f79bd44c66cf347c88010b9a95935391) Importer(815301076,1909f56bfc062723c751e8b465ee728b) (PreviewImporter) -> (artifact id: '22031ca2813cb51124c16f2b157acb06') in 0.0357257 seconds
Number of updated asset objects reloaded before import = 0Number of asset objects unloaded after import = 7

========================================================================
Received Import Request.
  Time since last request: 0.000040 seconds.
  path: Assets/polyperfect/Low Poly Ultimate Pack/T/- Meshes_T/Scifi_T/scifi-planet-base-hall-one-middle.fbx
  artifactKey: Guid(09d098b1f8fbfc741bebef97b85477ed) Importer(815301076,1909f56bfc062723c751e8b465ee728b)
Start importing Assets/polyperfect/Low Poly Ultimate Pack/T/- Meshes_T/Scifi_T/scifi-planet-base-hall-one-middle.fbx using Guid(09d098b1f8fbfc741bebef97b85477ed) Importer(815301076,1909f56bfc062723c751e8b465ee728b) (PreviewImporter) -> (artifact id: '40c5727e30f8cd58185f180f0ae91015') in 0.0332093 seconds
Number of updated asset objects reloaded before import = 0Number of asset objects unloaded after import = 7

========================================================================
Received Import Request.
  Time since last request: 0.000026 seconds.
  path: Assets/polyperfect/Low Poly Ultimate Pack/M/- Meshes_M/Scifi_M/scifi-planet-base-connector-tri.fbx
  artifactKey: Guid(39dc1d49c89da0b4daf922e0a177c9d7) Importer(815301076,1909f56bfc062723c751e8b465ee728b)
Start importing Assets/polyperfect/Low Poly Ultimate Pack/M/- Meshes_M/Scifi_M/scifi-planet-base-connector-tri.fbx using Guid(39dc1d49c89da0b4daf922e0a177c9d7) Importer(815301076,1909f56bfc062723c751e8b465ee728b) (PreviewImporter) -> (artifact id: '34076f1a129eb736218c6e436e0d8610') in 0.0383222 seconds
Number of updated asset objects reloaded before import = 0Number of asset objects unloaded after import = 7

========================================================================
Received Import Request.
  Time since last request: 0.000093 seconds.
  path: Assets/polyperfect/Low Poly Ultimate Pack/T/- Prefabs_T/Scifi_T/scifi-planet-base-hall-end.prefab
  artifactKey: Guid(3f0c17d981d5ce14da07ca3f9bcad090) Importer(815301076,1909f56bfc062723c751e8b465ee728b)
Start importing Assets/polyperfect/Low Poly Ultimate Pack/T/- Prefabs_T/Scifi_T/scifi-planet-base-hall-end.prefab using Guid(3f0c17d981d5ce14da07ca3f9bcad090) Importer(815301076,1909f56bfc062723c751e8b465ee728b) (PreviewImporter) -> (artifact id: '9e63bf942ab6ea48d9cc7e96ddd26dc4') in 0.0332859 seconds
Number of updated asset objects reloaded before import = 0Number of asset objects unloaded after import = 12

========================================================================
Received Import Request.
  Time since last request: 0.000059 seconds.
  path: Assets/polyperfect/Low Poly Ultimate Pack/M/- Prefabs_M/Apocalypse_M/plane-passenger-apocalypse.prefab
  artifactKey: Guid(dc64f95763789db4288c137ac4186748) Importer(815301076,1909f56bfc062723c751e8b465ee728b)
Start importing Assets/polyperfect/Low Poly Ultimate Pack/M/- Prefabs_M/Apocalypse_M/plane-passenger-apocalypse.prefab using Guid(dc64f95763789db4288c137ac4186748) Importer(815301076,1909f56bfc062723c751e8b465ee728b) (PreviewImporter) -> (artifact id: 'b9d9adddc9ef4f96a879ea4b13910316') in 0.0560403 seconds
Number of updated asset objects reloaded before import = 0Number of asset objects unloaded after import = 24

========================================================================
Received Import Request.
  Time since last request: 0.000024 seconds.
  path: Assets/polyperfect/Low Poly Ultimate Pack/T/- Meshes_T/Terrains_T/Planes_T/terrain-plane-valley3.fbx
  artifactKey: Guid(4f029a03a7c744fd9b3da11b5eb20308) Importer(815301076,1909f56bfc062723c751e8b465ee728b)
Start importing Assets/polyperfect/Low Poly Ultimate Pack/T/- Meshes_T/Terrains_T/Planes_T/terrain-plane-valley3.fbx using Guid(4f029a03a7c744fd9b3da11b5eb20308) Importer(815301076,1909f56bfc062723c751e8b465ee728b) (PreviewImporter) -> (artifact id: '68f9d9affb98c0f2aeb7de025adb7196') in 0.0364713 seconds
Number of updated asset objects reloaded before import = 0Number of asset objects unloaded after import = 7

========================================================================
Received Import Request.
  Time since last request: 0.000252 seconds.
  path: Assets/polyperfect/Low Poly Ultimate Pack/T/- Meshes_T/Scifi_T/scifi-planet-base-room.fbx
  artifactKey: Guid(4bde6dfbebaf8734ba01d0cd03158b6a) Importer(815301076,1909f56bfc062723c751e8b465ee728b)
Start importing Assets/polyperfect/Low Poly Ultimate Pack/T/- Meshes_T/Scifi_T/scifi-planet-base-room.fbx using Guid(4bde6dfbebaf8734ba01d0cd03158b6a) Importer(815301076,1909f56bfc062723c751e8b465ee728b) (PreviewImporter) -> (artifact id: 'a60ac6c739344374321a4e137059d6ea') in 0.0331268 seconds
Number of updated asset objects reloaded before import = 0Number of asset objects unloaded after import = 7

========================================================================
Received Import Request.
  Time since last request: 0.000030 seconds.
  path: Assets/polyperfect/Low Poly Ultimate Pack/T/- Meshes_T/Nature_T/Leaves_T/leaf-plane.fbx
  artifactKey: Guid(a3c57652748b24dce8049c191e66167a) Importer(815301076,1909f56bfc062723c751e8b465ee728b)
Start importing Assets/polyperfect/Low Poly Ultimate Pack/T/- Meshes_T/Nature_T/Leaves_T/leaf-plane.fbx using Guid(a3c57652748b24dce8049c191e66167a) Importer(815301076,1909f56bfc062723c751e8b465ee728b) (PreviewImporter) -> (artifact id: 'bedb671b64366aa20329b27651435761') in 0.0251712 seconds
Number of updated asset objects reloaded before import = 0Number of asset objects unloaded after import = 7

========================================================================
Received Import Request.
  Time since last request: 0.000035 seconds.
  path: Assets/polyperfect/Low Poly Ultimate Pack/M/- Prefabs_M/Vehicles_M/Air_M/floatplane.prefab
  artifactKey: Guid(94df8d17e46a69848b3608066efa71c0) Importer(815301076,1909f56bfc062723c751e8b465ee728b)
Start importing Assets/polyperfect/Low Poly Ultimate Pack/M/- Prefabs_M/Vehicles_M/Air_M/floatplane.prefab using Guid(94df8d17e46a69848b3608066efa71c0) Importer(815301076,1909f56bfc062723c751e8b465ee728b) (PreviewImporter) -> (artifact id: '8642827a9b2aafa157171863ee59c729') in 0.0369124 seconds
Number of updated asset objects reloaded before import = 0Number of asset objects unloaded after import = 22

========================================================================
Received Import Request.
  Time since last request: 0.000046 seconds.
  path: Assets/polyperfect/Low Poly Ultimate Pack/M/- Meshes_M/Terrains_M/Planes_M/terrain-plane-slope4.fbx
  artifactKey: Guid(a613103781ce04ea5b868056dc01f7c2) Importer(815301076,1909f56bfc062723c751e8b465ee728b)
Start importing Assets/polyperfect/Low Poly Ultimate Pack/M/- Meshes_M/Terrains_M/Planes_M/terrain-plane-slope4.fbx using Guid(a613103781ce04ea5b868056dc01f7c2) Importer(815301076,1909f56bfc062723c751e8b465ee728b) (PreviewImporter) -> (artifact id: '6de798fd13be0cecdbc79670933c2cac') in 0.0344257 seconds
Number of updated asset objects reloaded before import = 0Number of asset objects unloaded after import = 7

========================================================================
Received Import Request.
  Time since last request: 0.000036 seconds.
  path: Assets/polyperfect/Low Poly Ultimate Pack/M/- Meshes_M/Terrains_M/Planes_M/terrain-plane-valley1.fbx
  artifactKey: Guid(6acfc195af4d2463d973ad4bd5ea7d6c) Importer(815301076,1909f56bfc062723c751e8b465ee728b)
Start importing Assets/polyperfect/Low Poly Ultimate Pack/M/- Meshes_M/Terrains_M/Planes_M/terrain-plane-valley1.fbx using Guid(6acfc195af4d2463d973ad4bd5ea7d6c) Importer(815301076,1909f56bfc062723c751e8b465ee728b) (PreviewImporter) -> (artifact id: '7d454695445ef0b55b83901ad00e8b06') in 0.0358273 seconds
Number of updated asset objects reloaded before import = 0Number of asset objects unloaded after import = 7

========================================================================
Received Import Request.
  Time since last request: 0.000029 seconds.
  path: Assets/polyperfect/Low Poly Ultimate Pack/M/- Meshes_M/Terrains_M/Planes_M/terrain-plane-slope3.fbx
  artifactKey: Guid(1e597041bae60441e9b1a655ac7df734) Importer(815301076,1909f56bfc062723c751e8b465ee728b)
Start importing Assets/polyperfect/Low Poly Ultimate Pack/M/- Meshes_M/Terrains_M/Planes_M/terrain-plane-slope3.fbx using Guid(1e597041bae60441e9b1a655ac7df734) Importer(815301076,1909f56bfc062723c751e8b465ee728b) (PreviewImporter) -> (artifact id: 'd9b50efcf54c4e143b3c58a502d2b79a') in 0.0310319 seconds
Number of updated asset objects reloaded before import = 0Number of asset objects unloaded after import = 7

========================================================================
Received Import Request.
  Time since last request: 0.000035 seconds.
  path: Assets/polyperfect/Low Poly Ultimate Pack/T/- Meshes_T/Scifi_T/scifi-planet-base-hall-two-start.fbx
  artifactKey: Guid(e38492d502870d7469abf9c8a35b2758) Importer(815301076,1909f56bfc062723c751e8b465ee728b)
Start importing Assets/polyperfect/Low Poly Ultimate Pack/T/- Meshes_T/Scifi_T/scifi-planet-base-hall-two-start.fbx using Guid(e38492d502870d7469abf9c8a35b2758) Importer(815301076,1909f56bfc062723c751e8b465ee728b) (PreviewImporter) -> (artifact id: '57579be5ae5e2964e50c3c6e1619bc7f') in 0.0329162 seconds
Number of updated asset objects reloaded before import = 0Number of asset objects unloaded after import = 7

========================================================================
Received Import Request.
  Time since last request: 0.000025 seconds.
  path: Assets/polyperfect/Low Poly Ultimate Pack/T/- Meshes_T/Space_T/planet-ring.fbx
  artifactKey: Guid(1f67b32f757684a7ab980b55445c7f1b) Importer(815301076,1909f56bfc062723c751e8b465ee728b)
Start importing Assets/polyperfect/Low Poly Ultimate Pack/T/- Meshes_T/Space_T/planet-ring.fbx using Guid(1f67b32f757684a7ab980b55445c7f1b) Importer(815301076,1909f56bfc062723c751e8b465ee728b) (PreviewImporter) -> (artifact id: 'ac437c5b7bc121d1f7a2ee2bef9c40f8') in 0.0299924 seconds
Number of updated asset objects reloaded before import = 0Number of asset objects unloaded after import = 7

========================================================================
Received Import Request.
  Time since last request: 0.000026 seconds.
  path: Assets/polyperfect/Low Poly Ultimate Pack/M/- Prefabs_M/Scifi_M/scifi-planet-base-door.prefab
  artifactKey: Guid(199bbd8d210f6ca4e9009b39ca6c50e0) Importer(815301076,1909f56bfc062723c751e8b465ee728b)
Start importing Assets/polyperfect/Low Poly Ultimate Pack/M/- Prefabs_M/Scifi_M/scifi-planet-base-door.prefab using Guid(199bbd8d210f6ca4e9009b39ca6c50e0) Importer(815301076,1909f56bfc062723c751e8b465ee728b) (PreviewImporter) -> (artifact id: '056a854bb0585e633922a10b7ef87e4d') in 0.032568 seconds
Number of updated asset objects reloaded before import = 0Number of asset objects unloaded after import = 14

========================================================================
Received Import Request.
  Time since last request: 0.000038 seconds.
  path: Assets/polyperfect/Low Poly Ultimate Pack/M/- Prefabs_M/Terrains_M/Planes_M/terrain-plane-slope2.prefab
  artifactKey: Guid(f6710321408c46d4782a58e8db0b11e3) Importer(815301076,1909f56bfc062723c751e8b465ee728b)
Start importing Assets/polyperfect/Low Poly Ultimate Pack/M/- Prefabs_M/Terrains_M/Planes_M/terrain-plane-slope2.prefab using Guid(f6710321408c46d4782a58e8db0b11e3) Importer(815301076,1909f56bfc062723c751e8b465ee728b) (PreviewImporter) -> (artifact id: 'ec8fb2d081124349eb10dc501ca97f77') in 0.0311554 seconds
Number of updated asset objects reloaded before import = 0Number of asset objects unloaded after import = 9

========================================================================
Received Import Request.
  Time since last request: 0.000044 seconds.
  path: Assets/polyperfect/Low Poly Ultimate Pack/T/- Prefabs_T/Scifi_T/scifi-planet-base-connector-four.prefab
  artifactKey: Guid(8a0bdd60eb6f1e14e922f386ba4a9753) Importer(815301076,1909f56bfc062723c751e8b465ee728b)
Start importing Assets/polyperfect/Low Poly Ultimate Pack/T/- Prefabs_T/Scifi_T/scifi-planet-base-connector-four.prefab using Guid(8a0bdd60eb6f1e14e922f386ba4a9753) Importer(815301076,1909f56bfc062723c751e8b465ee728b) (PreviewImporter) -> (artifact id: 'b6a6c060753ead85319e9c76c21daef6') in 0.0330841 seconds
Number of updated asset objects reloaded before import = 0Number of asset objects unloaded after import = 12

========================================================================
Received Import Request.
  Time since last request: 0.000030 seconds.
  path: Assets/Materials/Plane.mat
  artifactKey: Guid(20618cf37d15dad489b3d2320c7eb46c) Importer(815301076,1909f56bfc062723c751e8b465ee728b)
Start importing Assets/Materials/Plane.mat using Guid(20618cf37d15dad489b3d2320c7eb46c) Importer(815301076,1909f56bfc062723c751e8b465ee728b) (PreviewImporter) -> (artifact id: '5a497649aadc72236c4c6c9e15adc749') in 0.0703944 seconds
Number of updated asset objects reloaded before import = 0Number of asset objects unloaded after import = 1

========================================================================
Received Import Request.
  Time since last request: 0.000036 seconds.
  path: Assets/polyperfect/Low Poly Ultimate Pack/M/- Meshes_M/Scifi_M/scifi-planet-base-hall-two-end.fbx
  artifactKey: Guid(9742b564eaff6dd4bab1b8a57a4092d7) Importer(815301076,1909f56bfc062723c751e8b465ee728b)
Start importing Assets/polyperfect/Low Poly Ultimate Pack/M/- Meshes_M/Scifi_M/scifi-planet-base-hall-two-end.fbx using Guid(9742b564eaff6dd4bab1b8a57a4092d7) Importer(815301076,1909f56bfc062723c751e8b465ee728b) (PreviewImporter) -> (artifact id: '2009d10d14f7320696ef096ef694b59c') in 0.0356104 seconds
Number of updated asset objects reloaded before import = 0Number of asset objects unloaded after import = 7

========================================================================
Received Import Request.
  Time since last request: 0.000029 seconds.
  path: Assets/polyperfect/Low Poly Ultimate Pack/M/- Prefabs_M/Terrains_M/Planes_M/terrain-plane-lake.prefab
  artifactKey: Guid(87219b7334f35491484213c642ebd749) Importer(815301076,1909f56bfc062723c751e8b465ee728b)
Start importing Assets/polyperfect/Low Poly Ultimate Pack/M/- Prefabs_M/Terrains_M/Planes_M/terrain-plane-lake.prefab using Guid(87219b7334f35491484213c642ebd749) Importer(815301076,1909f56bfc062723c751e8b465ee728b) (PreviewImporter) -> (artifact id: '3e973d71e60f0113addb57c21805715e') in 0.0323025 seconds
Number of updated asset objects reloaded before import = 0Number of asset objects unloaded after import = 9

========================================================================
Received Import Request.
  Time since last request: 0.000112 seconds.
  path: Assets/polyperfect/Low Poly Ultimate Pack/T/- Meshes_T/Terrains_T/Planes_T/terrain-plane-valley4.fbx
  artifactKey: Guid(56e726f5bf69a42f2967bc154f986392) Importer(815301076,1909f56bfc062723c751e8b465ee728b)
Start importing Assets/polyperfect/Low Poly Ultimate Pack/T/- Meshes_T/Terrains_T/Planes_T/terrain-plane-valley4.fbx using Guid(56e726f5bf69a42f2967bc154f986392) Importer(815301076,1909f56bfc062723c751e8b465ee728b) (PreviewImporter) -> (artifact id: '00a5bf1ce580e279f8e071f5fed3855f') in 0.0362252 seconds
Number of updated asset objects reloaded before import = 0Number of asset objects unloaded after import = 7

========================================================================
Received Import Request.
  Time since last request: 0.000036 seconds.
  path: Assets/polyperfect/Low Poly Ultimate Pack/T/- Prefabs_T/Terrains_T/Planes_T/terrain-plane-slope1.prefab
  artifactKey: Guid(02832652fe96841fdbe4b4a09f1b9218) Importer(815301076,1909f56bfc062723c751e8b465ee728b)
Start importing Assets/polyperfect/Low Poly Ultimate Pack/T/- Prefabs_T/Terrains_T/Planes_T/terrain-plane-slope1.prefab using Guid(02832652fe96841fdbe4b4a09f1b9218) Importer(815301076,1909f56bfc062723c751e8b465ee728b) (PreviewImporter) -> (artifact id: '4954876a75b31f438dcc916a9e11f2cb') in 0.0377774 seconds
Number of updated asset objects reloaded before import = 0Number of asset objects unloaded after import = 12

========================================================================
Received Import Request.
  Time since last request: 0.000039 seconds.
  path: Assets/polyperfect/Low Poly Ultimate Pack/M/- Meshes_M/Vehicles_M/plane-passenger.fbx
  artifactKey: Guid(0f6168dd5d5154a47b22196c9502c82c) Importer(815301076,1909f56bfc062723c751e8b465ee728b)
Start importing Assets/polyperfect/Low Poly Ultimate Pack/M/- Meshes_M/Vehicles_M/plane-passenger.fbx using Guid(0f6168dd5d5154a47b22196c9502c82c) Importer(815301076,1909f56bfc062723c751e8b465ee728b) (PreviewImporter) -> (artifact id: 'f2e5862b549e8ab1d122504b3f435815') in 0.1728856 seconds
Number of updated asset objects reloaded before import = 0Number of asset objects unloaded after import = 44

========================================================================
Received Import Request.
  Time since last request: 0.000039 seconds.
  path: Assets/polyperfect/Low Poly Ultimate Pack/M/- Meshes_M/Terrains_M/Planes_M/terrain-plane-valley4.fbx
  artifactKey: Guid(9ccd2eb8d1b084d28972c4fa2fdbe860) Importer(815301076,1909f56bfc062723c751e8b465ee728b)
Start importing Assets/polyperfect/Low Poly Ultimate Pack/M/- Meshes_M/Terrains_M/Planes_M/terrain-plane-valley4.fbx using Guid(9ccd2eb8d1b084d28972c4fa2fdbe860) Importer(815301076,1909f56bfc062723c751e8b465ee728b) (PreviewImporter) -> (artifact id: '28c05dbfb2048322f417550b99a90e51') in 0.0304626 seconds
Number of updated asset objects reloaded before import = 0Number of asset objects unloaded after import = 7

========================================================================
Received Import Request.
  Time since last request: 0.000041 seconds.
  path: Assets/polyperfect/Low Poly Ultimate Pack/M/- Prefabs_M/Scifi_M/scifi-planet-base-side-sleeping.prefab
  artifactKey: Guid(289fa3fa6eca0114e92888ad4372a273) Importer(815301076,1909f56bfc062723c751e8b465ee728b)
Start importing Assets/polyperfect/Low Poly Ultimate Pack/M/- Prefabs_M/Scifi_M/scifi-planet-base-side-sleeping.prefab using Guid(289fa3fa6eca0114e92888ad4372a273) Importer(815301076,1909f56bfc062723c751e8b465ee728b) (PreviewImporter) -> (artifact id: 'c3229242df1d1b0e07d951d9d82bd69f') in 0.0304183 seconds
Number of updated asset objects reloaded before import = 0Number of asset objects unloaded after import = 15

========================================================================
Received Import Request.
  Time since last request: 734.907503 seconds.
  path: Assets/polyperfect/Low Poly Ultimate Pack/T/- Meshes_T/Vehicles_T/car-truck-concrete-pump.fbx
  artifactKey: Guid(244ff619bcfc02f478b48aa79783c1ab) Importer(815301076,1909f56bfc062723c751e8b465ee728b)
Start importing Assets/polyperfect/Low Poly Ultimate Pack/T/- Meshes_T/Vehicles_T/car-truck-concrete-pump.fbx using Guid(244ff619bcfc02f478b48aa79783c1ab) Importer(815301076,1909f56bfc062723c751e8b465ee728b) (PreviewImporter) -> (artifact id: '0323e363925f62301209bd903f7c30bf') in 0.2108422 seconds
Number of updated asset objects reloaded before import = 0Number of asset objects unloaded after import = 39

========================================================================
Received Import Request.
  Time since last request: 0.000072 seconds.
  path: Assets/polyperfect/Low Poly Ultimate Pack/M/- Prefabs_M/Amusement-Park_M/carousel-coaster.prefab
  artifactKey: Guid(2ef36701e06e1c44cad0be6200a187e6) Importer(815301076,1909f56bfc062723c751e8b465ee728b)
Start importing Assets/polyperfect/Low Poly Ultimate Pack/M/- Prefabs_M/Amusement-Park_M/carousel-coaster.prefab using Guid(2ef36701e06e1c44cad0be6200a187e6) Importer(815301076,1909f56bfc062723c751e8b465ee728b) (PreviewImporter) -> (artifact id: 'd26c8ebd2c7b760edea40c06c565c03c') in 0.0821766 seconds
Number of updated asset objects reloaded before import = 0Number of asset objects unloaded after import = 28

========================================================================
Received Import Request.
  Time since last request: 0.000042 seconds.
  path: Assets/polyperfect/Low Poly Ultimate Pack/T/- Meshes_T/Amusement Park_T/carousel-coaster.fbx
  artifactKey: Guid(9c7fc16db260d61419fea62645518278) Importer(815301076,1909f56bfc062723c751e8b465ee728b)
Start importing Assets/polyperfect/Low Poly Ultimate Pack/T/- Meshes_T/Amusement Park_T/carousel-coaster.fbx using Guid(9c7fc16db260d61419fea62645518278) Importer(815301076,1909f56bfc062723c751e8b465ee728b) (PreviewImporter) -> (artifact id: 'cf0c39ada74a2a0d52560710eb8f6cc3') in 0.0759253 seconds
Number of updated asset objects reloaded before import = 0Number of asset objects unloaded after import = 14

========================================================================
Received Import Request.
  Time since last request: 0.000039 seconds.
  path: Assets/polyperfect/Low Poly Ultimate Pack/M/- Meshes_M/Vehicles_M/crane-mobile-stationary.fbx
  artifactKey: Guid(7a1e914e3c9a6984ab47268cd08ee525) Importer(815301076,1909f56bfc062723c751e8b465ee728b)
Start importing Assets/polyperfect/Low Poly Ultimate Pack/M/- Meshes_M/Vehicles_M/crane-mobile-stationary.fbx using Guid(7a1e914e3c9a6984ab47268cd08ee525) Importer(815301076,1909f56bfc062723c751e8b465ee728b) (PreviewImporter) -> (artifact id: '1636274b1c875965048ff2a0c873c2e4') in 0.0967998 seconds
Number of updated asset objects reloaded before import = 0Number of asset objects unloaded after import = 24

========================================================================
Received Import Request.
  Time since last request: 0.000049 seconds.
  path: Assets/polyperfect/Low Poly Ultimate Pack/T/- Meshes_T/Vehicles_T/crane-mobile.fbx
  artifactKey: Guid(f793cc8dbf69b244bbca21e942b0ef4c) Importer(815301076,1909f56bfc062723c751e8b465ee728b)
Start importing Assets/polyperfect/Low Poly Ultimate Pack/T/- Meshes_T/Vehicles_T/crane-mobile.fbx using Guid(f793cc8dbf69b244bbca21e942b0ef4c) Importer(815301076,1909f56bfc062723c751e8b465ee728b) (PreviewImporter) -> (artifact id: 'd8a1ff2465c0238b28c858c660a9c01a') in 0.2299281 seconds
Number of updated asset objects reloaded before import = 0Number of asset objects unloaded after import = 64

========================================================================
Received Import Request.
  Time since last request: 0.391448 seconds.
  path: Assets/polyperfect/Low Poly Ultimate Pack/T/- Meshes_T/Tiles-NB_T/tile-road-straight-crosswalk-nb.fbx
  artifactKey: Guid(0dacbadebc38d134db7a413f5ca48a78) Importer(815301076,1909f56bfc062723c751e8b465ee728b)
Start importing Assets/polyperfect/Low Poly Ultimate Pack/T/- Meshes_T/Tiles-NB_T/tile-road-straight-crosswalk-nb.fbx using Guid(0dacbadebc38d134db7a413f5ca48a78) Importer(815301076,1909f56bfc062723c751e8b465ee728b) (PreviewImporter) -> (artifact id: 'b659ff42e4aa7b8e78d2d58c6fcdc225') in 0.0429533 seconds
Number of updated asset objects reloaded before import = 0Number of asset objects unloaded after import = 7

========================================================================
Received Import Request.
  Time since last request: 0.000047 seconds.
  path: Assets/polyperfect/Low Poly Ultimate Pack/M/- Meshes_M/Tiles-NB_M/tile-road-straight-crosswalk-nb.fbx
  artifactKey: Guid(32c34803236fbf140b3a57a1a1e2ced6) Importer(815301076,1909f56bfc062723c751e8b465ee728b)
Start importing Assets/polyperfect/Low Poly Ultimate Pack/M/- Meshes_M/Tiles-NB_M/tile-road-straight-crosswalk-nb.fbx using Guid(32c34803236fbf140b3a57a1a1e2ced6) Importer(815301076,1909f56bfc062723c751e8b465ee728b) (PreviewImporter) -> (artifact id: 'dc5160990246ade995eb913cacd4833a') in 0.0463377 seconds
Number of updated asset objects reloaded before import = 0Number of asset objects unloaded after import = 7

========================================================================
Received Import Request.
  Time since last request: 1.281527 seconds.
  path: Assets/polyperfect/Low Poly Ultimate Pack/M/- Prefabs_M/Tiles_NB_M/tile-road-straight-crosswalk-nb.prefab
  artifactKey: Guid(57a2344c63d99684ea2cc3a795a053e6) Importer(815301076,1909f56bfc062723c751e8b465ee728b)
Start importing Assets/polyperfect/Low Poly Ultimate Pack/M/- Prefabs_M/Tiles_NB_M/tile-road-straight-crosswalk-nb.prefab using Guid(57a2344c63d99684ea2cc3a795a053e6) Importer(815301076,1909f56bfc062723c751e8b465ee728b) (PreviewImporter) -> (artifact id: 'fcb2dd191ab5d020f4ff30ed222107d2') in 0.0541428 seconds
Number of updated asset objects reloaded before import = 0Number of asset objects unloaded after import = 12

========================================================================
Received Import Request.
  Time since last request: 0.000036 seconds.
  path: Assets/polyperfect/Low Poly Ultimate Pack/T/- Prefabs_T/Tiles_T/Roads_T/tile-road-straight-crosswalk.prefab
  artifactKey: Guid(65bcc94fc40b5cd4aa468fd3abcc17f6) Importer(815301076,1909f56bfc062723c751e8b465ee728b)
Start importing Assets/polyperfect/Low Poly Ultimate Pack/T/- Prefabs_T/Tiles_T/Roads_T/tile-road-straight-crosswalk.prefab using Guid(65bcc94fc40b5cd4aa468fd3abcc17f6) Importer(815301076,1909f56bfc062723c751e8b465ee728b) (PreviewImporter) -> (artifact id: 'fdc8a8ac5ad09700dec65aad0551eb2c') in 0.0382213 seconds
Number of updated asset objects reloaded before import = 0Number of asset objects unloaded after import = 12

========================================================================
Received Import Request.
  Time since last request: 0.000044 seconds.
  path: Assets/polyperfect/Low Poly Ultimate Pack/M/- Prefabs_M/Tiles_M/Roads_M/tile-road-straight-crosswalk.prefab
  artifactKey: Guid(fff850cc16fa72841b15e0cd496a3212) Importer(815301076,1909f56bfc062723c751e8b465ee728b)
Start importing Assets/polyperfect/Low Poly Ultimate Pack/M/- Prefabs_M/Tiles_M/Roads_M/tile-road-straight-crosswalk.prefab using Guid(fff850cc16fa72841b15e0cd496a3212) Importer(815301076,1909f56bfc062723c751e8b465ee728b) (PreviewImporter) -> (artifact id: 'd0bcb2828fcd88284f1b9481409222c1') in 0.0515646 seconds
Number of updated asset objects reloaded before import = 0Number of asset objects unloaded after import = 13

========================================================================
Received Import Request.
  Time since last request: 0.222259 seconds.
  path: Assets/polyperfect/Low Poly Ultimate Pack/T/- Meshes_T/Tiles-NB_T/tile-rail-road-crossing-nb.fbx
  artifactKey: Guid(12391b5eb94f9124faf5ad7c766e8051) Importer(815301076,1909f56bfc062723c751e8b465ee728b)
Start importing Assets/polyperfect/Low Poly Ultimate Pack/T/- Meshes_T/Tiles-NB_T/tile-rail-road-crossing-nb.fbx using Guid(12391b5eb94f9124faf5ad7c766e8051) Importer(815301076,1909f56bfc062723c751e8b465ee728b) (PreviewImporter) -> (artifact id: '2124213ce86aef847f94c5864358d276') in 0.0385608 seconds
Number of updated asset objects reloaded before import = 0Number of asset objects unloaded after import = 7

========================================================================
Received Import Request.
  Time since last request: 0.000030 seconds.
  path: Assets/polyperfect/Low Poly Ultimate Pack/T/- Meshes_T/Tiles_T/Rails_T/tile-rail-road-crossing.fbx
  artifactKey: Guid(75495ed8f043f4428a7ab2f3f9bff73f) Importer(815301076,1909f56bfc062723c751e8b465ee728b)
Start importing Assets/polyperfect/Low Poly Ultimate Pack/T/- Meshes_T/Tiles_T/Rails_T/tile-rail-road-crossing.fbx using Guid(75495ed8f043f4428a7ab2f3f9bff73f) Importer(815301076,1909f56bfc062723c751e8b465ee728b) (PreviewImporter) -> (artifact id: 'd9e658a0681f6fdcf5714d4d5ead5017') in 0.041291 seconds
Number of updated asset objects reloaded before import = 0Number of asset objects unloaded after import = 7

========================================================================
Received Import Request.
  Time since last request: 0.000036 seconds.
  path: Assets/polyperfect/Low Poly Ultimate Pack/M/- Meshes_M/Tiles_M/Rails_M/tile-rail-road-crossing.fbx
  artifactKey: Guid(f814553fbede943fd9b98829c27b9a68) Importer(815301076,1909f56bfc062723c751e8b465ee728b)
Start importing Assets/polyperfect/Low Poly Ultimate Pack/M/- Meshes_M/Tiles_M/Rails_M/tile-rail-road-crossing.fbx using Guid(f814553fbede943fd9b98829c27b9a68) Importer(815301076,1909f56bfc062723c751e8b465ee728b) (PreviewImporter) -> (artifact id: 'b48769b37a9cc5920c42cd24a35db775') in 0.053761 seconds
Number of updated asset objects reloaded before import = 0Number of asset objects unloaded after import = 7

========================================================================
Received Import Request.
  Time since last request: 0.000030 seconds.
  path: Assets/polyperfect/Low Poly Ultimate Pack/T/- Prefabs_T/Tiles-NB_T/tile-rail-road-crossing-nb.prefab
  artifactKey: Guid(45209cfcb9561d14097f4eab938d5792) Importer(815301076,1909f56bfc062723c751e8b465ee728b)
Start importing Assets/polyperfect/Low Poly Ultimate Pack/T/- Prefabs_T/Tiles-NB_T/tile-rail-road-crossing-nb.prefab using Guid(45209cfcb9561d14097f4eab938d5792) Importer(815301076,1909f56bfc062723c751e8b465ee728b) (PreviewImporter) -> (artifact id: '7903b8ba41259c8b8fe1da7fa5971a3d') in 0.0386658 seconds
Number of updated asset objects reloaded before import = 0Number of asset objects unloaded after import = 12

========================================================================
Received Import Request.
  Time since last request: 0.000072 seconds.
  path: Assets/polyperfect/Low Poly Ultimate Pack/T/- Meshes_T/Tiles-NB_T/tile-rail-mainroad-crossing-nb.fbx
  artifactKey: Guid(ffedd96948d308644af6a520e8b0c759) Importer(815301076,1909f56bfc062723c751e8b465ee728b)
Start importing Assets/polyperfect/Low Poly Ultimate Pack/T/- Meshes_T/Tiles-NB_T/tile-rail-mainroad-crossing-nb.fbx using Guid(ffedd96948d308644af6a520e8b0c759) Importer(815301076,1909f56bfc062723c751e8b465ee728b) (PreviewImporter) -> (artifact id: '8f034fe1a579d230a8ede7860da1c49b') in 0.0370984 seconds
Number of updated asset objects reloaded before import = 0Number of asset objects unloaded after import = 7

========================================================================
Received Import Request.
  Time since last request: 0.000024 seconds.
  path: Assets/polyperfect/Low Poly Ultimate Pack/T/- Meshes_T/Tiles_T/Rails_T/tile-rail-mainroad-crossing.fbx
  artifactKey: Guid(cc8dd4c273ce5498dac01b270ec785e4) Importer(815301076,1909f56bfc062723c751e8b465ee728b)
Start importing Assets/polyperfect/Low Poly Ultimate Pack/T/- Meshes_T/Tiles_T/Rails_T/tile-rail-mainroad-crossing.fbx using Guid(cc8dd4c273ce5498dac01b270ec785e4) Importer(815301076,1909f56bfc062723c751e8b465ee728b) (PreviewImporter) -> (artifact id: '26ca070a0df31fb12406831aaa077cb5') in 0.0383952 seconds
Number of updated asset objects reloaded before import = 0Number of asset objects unloaded after import = 7

========================================================================
Received Import Request.
  Time since last request: 0.000027 seconds.
  path: Assets/polyperfect/Low Poly Ultimate Pack/T/- Prefabs_T/Tiles_T/Rails_T/tile-rail-mainroad-crossing.prefab
  artifactKey: Guid(0e8d2db4284af4dbd9b858fc2332e5e3) Importer(815301076,1909f56bfc062723c751e8b465ee728b)
Start importing Assets/polyperfect/Low Poly Ultimate Pack/T/- Prefabs_T/Tiles_T/Rails_T/tile-rail-mainroad-crossing.prefab using Guid(0e8d2db4284af4dbd9b858fc2332e5e3) Importer(815301076,1909f56bfc062723c751e8b465ee728b) (PreviewImporter) -> (artifact id: 'bb28930169865050363cc7244c7288ca') in 0.0298074 seconds
Number of updated asset objects reloaded before import = 0Number of asset objects unloaded after import = 12

========================================================================
Received Import Request.
  Time since last request: 0.000056 seconds.
  path: Assets/polyperfect/Low Poly Ultimate Pack/T/- Prefabs_T/Tiles-NB_T/tile-mainroad-straight-crosswalk-nb.prefab
  artifactKey: Guid(c8c91e8dd0948dc49acefd412750f3af) Importer(815301076,1909f56bfc062723c751e8b465ee728b)
Start importing Assets/polyperfect/Low Poly Ultimate Pack/T/- Prefabs_T/Tiles-NB_T/tile-mainroad-straight-crosswalk-nb.prefab using Guid(c8c91e8dd0948dc49acefd412750f3af) Importer(815301076,1909f56bfc062723c751e8b465ee728b) (PreviewImporter) -> (artifact id: '2b8dfa96f95078042dd5a1184d86abfb') in 0.0346554 seconds
Number of updated asset objects reloaded before import = 0Number of asset objects unloaded after import = 12

========================================================================
Received Import Request.
  Time since last request: 0.000053 seconds.
  path: Assets/polyperfect/Low Poly Ultimate Pack/M/- Meshes_M/Tiles-NB_M/tile-mainroad-straight-crosswalk-nb.fbx
  artifactKey: Guid(254799683bc296147996bdd51662de5b) Importer(815301076,1909f56bfc062723c751e8b465ee728b)
Start importing Assets/polyperfect/Low Poly Ultimate Pack/M/- Meshes_M/Tiles-NB_M/tile-mainroad-straight-crosswalk-nb.fbx using Guid(254799683bc296147996bdd51662de5b) Importer(815301076,1909f56bfc062723c751e8b465ee728b) (PreviewImporter) -> (artifact id: '339615a29d2dd4c16e746ea2270e3d6a') in 0.023038 seconds
Number of updated asset objects reloaded before import = 0Number of asset objects unloaded after import = 7

========================================================================
Received Import Request.
  Time since last request: 0.000058 seconds.
  path: Assets/polyperfect/Low Poly Ultimate Pack/M/- Prefabs_M/Tiles_M/Roads_M/tile-mainroad-straight-crosswalk.prefab
  artifactKey: Guid(6f4eec12f0a54cf45aae729354e765dc) Importer(815301076,1909f56bfc062723c751e8b465ee728b)
Start importing Assets/polyperfect/Low Poly Ultimate Pack/M/- Prefabs_M/Tiles_M/Roads_M/tile-mainroad-straight-crosswalk.prefab using Guid(6f4eec12f0a54cf45aae729354e765dc) Importer(815301076,1909f56bfc062723c751e8b465ee728b) (PreviewImporter) -> (artifact id: '6be3ddbeeb5e9a0f89b22d7048f41c19') in 0.0316311 seconds
Number of updated asset objects reloaded before import = 0Number of asset objects unloaded after import = 14

========================================================================
Received Import Request.
  Time since last request: 0.000030 seconds.
  path: Assets/polyperfect/Low Poly Ultimate Pack/T/- Meshes_T/Tiles_T/Roads_T/tile-mainroad-straight-crosswalk.fbx
  artifactKey: Guid(1af050bec48f72341a8a948e04a3e2d8) Importer(815301076,1909f56bfc062723c751e8b465ee728b)
Start importing Assets/polyperfect/Low Poly Ultimate Pack/T/- Meshes_T/Tiles_T/Roads_T/tile-mainroad-straight-crosswalk.fbx using Guid(1af050bec48f72341a8a948e04a3e2d8) Importer(815301076,1909f56bfc062723c751e8b465ee728b) (PreviewImporter) -> (artifact id: '4c3a4edffc4126160b9559657fb4019f') in 0.0442584 seconds
Number of updated asset objects reloaded before import = 0Number of asset objects unloaded after import = 7

========================================================================
Received Import Request.
  Time since last request: 0.000030 seconds.
  path: Assets/polyperfect/Low Poly Ultimate Pack/T/- Prefabs_T/Tiles-NB_T/tile-rail-mainroad-crossing-nb.prefab
  artifactKey: Guid(956da11aaf88150489e218cbee1e3e3e) Importer(815301076,1909f56bfc062723c751e8b465ee728b)
Start importing Assets/polyperfect/Low Poly Ultimate Pack/T/- Prefabs_T/Tiles-NB_T/tile-rail-mainroad-crossing-nb.prefab using Guid(956da11aaf88150489e218cbee1e3e3e) Importer(815301076,1909f56bfc062723c751e8b465ee728b) (PreviewImporter) -> (artifact id: 'e2e0c597a2a59adb478d8ad28633cc8b') in 0.0284855 seconds
Number of updated asset objects reloaded before import = 0Number of asset objects unloaded after import = 12

========================================================================
Received Import Request.
  Time since last request: 0.000041 seconds.
  path: Assets/polyperfect/Low Poly Ultimate Pack/T/- Prefabs_T/Tiles_T/Roads_T/tile-mainroad-straight-crosswalk.prefab
  artifactKey: Guid(5fdccc78e3d92e34588ccd5cab804915) Importer(815301076,1909f56bfc062723c751e8b465ee728b)
Start importing Assets/polyperfect/Low Poly Ultimate Pack/T/- Prefabs_T/Tiles_T/Roads_T/tile-mainroad-straight-crosswalk.prefab using Guid(5fdccc78e3d92e34588ccd5cab804915) Importer(815301076,1909f56bfc062723c751e8b465ee728b) (PreviewImporter) -> (artifact id: '815d018298210de6348d9869044251a8') in 0.0361748 seconds
Number of updated asset objects reloaded before import = 0Number of asset objects unloaded after import = 12

========================================================================
Received Import Request.
  Time since last request: 1.305152 seconds.
  path: Assets/polyperfect/Low Poly Ultimate Pack/M/- Meshes_M/Medieval_M/shield-knight-cross.fbx
  artifactKey: Guid(3fa0cf62ec9503c49978c25998a7a2ed) Importer(815301076,1909f56bfc062723c751e8b465ee728b)
Start importing Assets/polyperfect/Low Poly Ultimate Pack/M/- Meshes_M/Medieval_M/shield-knight-cross.fbx using Guid(3fa0cf62ec9503c49978c25998a7a2ed) Importer(815301076,1909f56bfc062723c751e8b465ee728b) (PreviewImporter) -> (artifact id: '140cadb6c7b77d0c2ea53cfc8ef429e9') in 0.051285 seconds
Number of updated asset objects reloaded before import = 0Number of asset objects unloaded after import = 7

========================================================================
Received Import Request.
  Time since last request: 0.006452 seconds.
  path: Assets/polyperfect/Low Poly Ultimate Pack/M/- Meshes_M/Fantasy_M/scroll.fbx
  artifactKey: Guid(32ebb63fb8511438e9d785991152adbd) Importer(815301076,1909f56bfc062723c751e8b465ee728b)
Start importing Assets/polyperfect/Low Poly Ultimate Pack/M/- Meshes_M/Fantasy_M/scroll.fbx using Guid(32ebb63fb8511438e9d785991152adbd) Importer(815301076,1909f56bfc062723c751e8b465ee728b) (PreviewImporter) -> (artifact id: '67ed1d41583049d056509c23756d1104') in 0.0388677 seconds
Number of updated asset objects reloaded before import = 0Number of asset objects unloaded after import = 7

========================================================================
Received Import Request.
  Time since last request: 0.000026 seconds.
  path: Assets/polyperfect/Low Poly Ultimate Pack/M/- Meshes_M/Scifi_M/scifi-crossing-sign-go.fbx
  artifactKey: Guid(9c7833f1e5fab994483987fa93596abf) Importer(815301076,1909f56bfc062723c751e8b465ee728b)
Start importing Assets/polyperfect/Low Poly Ultimate Pack/M/- Meshes_M/Scifi_M/scifi-crossing-sign-go.fbx using Guid(9c7833f1e5fab994483987fa93596abf) Importer(815301076,1909f56bfc062723c751e8b465ee728b) (PreviewImporter) -> (artifact id: '8b574bf4f8efb0f978c8af2cb6a15ee5') in 0.0310665 seconds
Number of updated asset objects reloaded before import = 0Number of asset objects unloaded after import = 7

========================================================================
Received Import Request.
  Time since last request: 0.000030 seconds.
  path: Assets/polyperfect/Low Poly Ultimate Pack/M/- Meshes_M/Scifi_M/scifi-crossing-sign-stop.fbx
  artifactKey: Guid(b9dfe28f893be204e95d2973575a3cf6) Importer(815301076,1909f56bfc062723c751e8b465ee728b)
Start importing Assets/polyperfect/Low Poly Ultimate Pack/M/- Meshes_M/Scifi_M/scifi-crossing-sign-stop.fbx using Guid(b9dfe28f893be204e95d2973575a3cf6) Importer(815301076,1909f56bfc062723c751e8b465ee728b) (PreviewImporter) -> (artifact id: '1e4aaef1475f3080981864ba6c1ee995') in 0.0379453 seconds
Number of updated asset objects reloaded before import = 0Number of asset objects unloaded after import = 7

========================================================================
Received Import Request.
  Time since last request: 0.000050 seconds.
  path: Assets/polyperfect/Low Poly Ultimate Pack/T/- Prefabs_T/Scifi_T/Scifi City_T/scifi-crossing-sign-stop.prefab
  artifactKey: Guid(60f3acbdb2832774e96f3e8e5e34b737) Importer(815301076,1909f56bfc062723c751e8b465ee728b)
Start importing Assets/polyperfect/Low Poly Ultimate Pack/T/- Prefabs_T/Scifi_T/Scifi City_T/scifi-crossing-sign-stop.prefab using Guid(60f3acbdb2832774e96f3e8e5e34b737) Importer(815301076,1909f56bfc062723c751e8b465ee728b) (PreviewImporter) -> (artifact id: '17a145290f1419b1d2b624dd967687b5') in 0.036933 seconds
Number of updated asset objects reloaded before import = 0Number of asset objects unloaded after import = 12

========================================================================
Received Import Request.
  Time since last request: 0.000068 seconds.
  path: Assets/polyperfect/Low Poly Ultimate Pack/M/- Prefabs_M/Scifi_M/Scifi City_M/scifi-crossing-sign-stop.prefab
  artifactKey: Guid(39fc1e1155e6a31428eeac779c3c02be) Importer(815301076,1909f56bfc062723c751e8b465ee728b)
Start importing Assets/polyperfect/Low Poly Ultimate Pack/M/- Prefabs_M/Scifi_M/Scifi City_M/scifi-crossing-sign-stop.prefab using Guid(39fc1e1155e6a31428eeac779c3c02be) Importer(815301076,1909f56bfc062723c751e8b465ee728b) (PreviewImporter) -> (artifact id: '13494220cf3dca50ec3290330757d501') in 0.0512058 seconds
Number of updated asset objects reloaded before import = 0Number of asset objects unloaded after import = 12

========================================================================
Received Import Request.
  Time since last request: 0.000089 seconds.
  path: Assets/polyperfect/Low Poly Ultimate Pack/M/- Meshes_M/Scifi_M/scifi-microscope.fbx
  artifactKey: Guid(95299329e65a0f842aaa73877c04910c) Importer(815301076,1909f56bfc062723c751e8b465ee728b)
Start importing Assets/polyperfect/Low Poly Ultimate Pack/M/- Meshes_M/Scifi_M/scifi-microscope.fbx using Guid(95299329e65a0f842aaa73877c04910c) Importer(815301076,1909f56bfc062723c751e8b465ee728b) (PreviewImporter) -> (artifact id: '28ecbbe1b9f5c5bd769996007a4b17e9') in 0.036353 seconds
Number of updated asset objects reloaded before import = 0Number of asset objects unloaded after import = 7

========================================================================
Received Import Request.
  Time since last request: 0.000054 seconds.
  path: Assets/polyperfect/Low Poly Ultimate Pack/M/- Prefabs_M/Scifi_M/Scifi City_M/scifi-crossing-sign-go.prefab
  artifactKey: Guid(993eba3e9fcf2d34593ea56449c12e6a) Importer(815301076,1909f56bfc062723c751e8b465ee728b)
Start importing Assets/polyperfect/Low Poly Ultimate Pack/M/- Prefabs_M/Scifi_M/Scifi City_M/scifi-crossing-sign-go.prefab using Guid(993eba3e9fcf2d34593ea56449c12e6a) Importer(815301076,1909f56bfc062723c751e8b465ee728b) (PreviewImporter) -> (artifact id: 'a2a964187a5a8cdfa651ed2b2f924270') in 0.0347947 seconds
Number of updated asset objects reloaded before import = 0Number of asset objects unloaded after import = 12

========================================================================
Received Import Request.
  Time since last request: 0.097253 seconds.
  path: Assets/polyperfect/Low Poly Ultimate Pack/T/- Meshes_T/Farm_T/scarecrow.fbx
  artifactKey: Guid(f6207a411df10429c91811fc33fa43a5) Importer(815301076,1909f56bfc062723c751e8b465ee728b)
Start importing Assets/polyperfect/Low Poly Ultimate Pack/T/- Meshes_T/Farm_T/scarecrow.fbx using Guid(f6207a411df10429c91811fc33fa43a5) Importer(815301076,1909f56bfc062723c751e8b465ee728b) (PreviewImporter) -> (artifact id: '77cd1dc890b1d455eed77d93ec505074') in 0.0397428 seconds
Number of updated asset objects reloaded before import = 0Number of asset objects unloaded after import = 7

========================================================================
Received Import Request.
  Time since last request: 0.000025 seconds.
  path: Assets/polyperfect/Low Poly Ultimate Pack/T/- Prefabs_T/Farm_T/scarecrow.prefab
  artifactKey: Guid(5d1593e29000948deb226159b808506c) Importer(815301076,1909f56bfc062723c751e8b465ee728b)
Start importing Assets/polyperfect/Low Poly Ultimate Pack/T/- Prefabs_T/Farm_T/scarecrow.prefab using Guid(5d1593e29000948deb226159b808506c) Importer(815301076,1909f56bfc062723c751e8b465ee728b) (PreviewImporter) -> (artifact id: 'b4f44c17cbfc6c95b1df4ae1c7450768') in 0.0314966 seconds
Number of updated asset objects reloaded before import = 0Number of asset objects unloaded after import = 12

========================================================================
Received Import Request.
  Time since last request: 0.000046 seconds.
  path: Assets/polyperfect/Low Poly Ultimate Pack/M/- Meshes_M/Farm_M/scarecrow.fbx
  artifactKey: Guid(1b0a6a531618e42449b54d22ae571a12) Importer(815301076,1909f56bfc062723c751e8b465ee728b)
Start importing Assets/polyperfect/Low Poly Ultimate Pack/M/- Meshes_M/Farm_M/scarecrow.fbx using Guid(1b0a6a531618e42449b54d22ae571a12) Importer(815301076,1909f56bfc062723c751e8b465ee728b) (PreviewImporter) -> (artifact id: 'd2b332689f9090461e3f51eb320ca98a') in 0.0402916 seconds
Number of updated asset objects reloaded before import = 0Number of asset objects unloaded after import = 7

========================================================================
Received Import Request.
  Time since last request: 0.067217 seconds.
  path: Assets/polyperfect/Low Poly Animated People/- Textures/Environment/people-crowd_sprite.png
  artifactKey: Guid(6c6645629514f8647bf8194424e87a44) Importer(815301076,1909f56bfc062723c751e8b465ee728b)
Start importing Assets/polyperfect/Low Poly Animated People/- Textures/Environment/people-crowd_sprite.png using Guid(6c6645629514f8647bf8194424e87a44) Importer(815301076,1909f56bfc062723c751e8b465ee728b) (PreviewImporter) -> (artifact id: '8e993fb42b9227fa72cd3acb799a6dcc') in 0.0638976 seconds
Number of updated asset objects reloaded before import = 0Number of asset objects unloaded after import = 6

========================================================================
Received Import Request.
  Time since last request: 0.015131 seconds.
  path: Assets/polyperfect/Low Poly Ultimate Pack/M/- Prefabs_M/Furniture_M/microwave.prefab
  artifactKey: Guid(73097af8b72484fd18fd9d494536c510) Importer(815301076,1909f56bfc062723c751e8b465ee728b)
Start importing Assets/polyperfect/Low Poly Ultimate Pack/M/- Prefabs_M/Furniture_M/microwave.prefab using Guid(73097af8b72484fd18fd9d494536c510) Importer(815301076,1909f56bfc062723c751e8b465ee728b) (PreviewImporter) -> (artifact id: '6792fa1c9247f949288a2d7f20e1246d') in 0.0536088 seconds
Number of updated asset objects reloaded before import = 0Number of asset objects unloaded after import = 11

========================================================================
Received Import Request.
  Time since last request: 0.000029 seconds.
  path: Assets/polyperfect/Low Poly Ultimate Pack/T/- Prefabs_T/Furniture_T/microwave.prefab
  artifactKey: Guid(550b6fd9fe0b8451c92d3657ce996792) Importer(815301076,1909f56bfc062723c751e8b465ee728b)
Start importing Assets/polyperfect/Low Poly Ultimate Pack/T/- Prefabs_T/Furniture_T/microwave.prefab using Guid(550b6fd9fe0b8451c92d3657ce996792) Importer(815301076,1909f56bfc062723c751e8b465ee728b) (PreviewImporter) -> (artifact id: '12491a2a7455d5b7d216cefc978a3a72') in 0.0377486 seconds
Number of updated asset objects reloaded before import = 0Number of asset objects unloaded after import = 12

========================================================================
Received Import Request.
  Time since last request: 0.000058 seconds.
  path: Assets/polyperfect/Low Poly Ultimate Pack/T/- Prefabs_T/Music_T/microphone-stand.prefab
  artifactKey: Guid(82180847174e64847a7fcb362a1e4b56) Importer(815301076,1909f56bfc062723c751e8b465ee728b)
Start importing Assets/polyperfect/Low Poly Ultimate Pack/T/- Prefabs_T/Music_T/microphone-stand.prefab using Guid(82180847174e64847a7fcb362a1e4b56) Importer(815301076,1909f56bfc062723c751e8b465ee728b) (PreviewImporter) -> (artifact id: 'a5031f00ea36f0aea7b4cb4dc07d31fb') in 0.0321327 seconds
Number of updated asset objects reloaded before import = 0Number of asset objects unloaded after import = 20

========================================================================
Received Import Request.
  Time since last request: 0.000029 seconds.
  path: Assets/polyperfect/Low Poly Ultimate Pack/T/- Prefabs_T/Music_T/microphone.prefab
  artifactKey: Guid(0811a7ea1ddf6d144b77621273dd3896) Importer(815301076,1909f56bfc062723c751e8b465ee728b)
Start importing Assets/polyperfect/Low Poly Ultimate Pack/T/- Prefabs_T/Music_T/microphone.prefab using Guid(0811a7ea1ddf6d144b77621273dd3896) Importer(815301076,1909f56bfc062723c751e8b465ee728b) (PreviewImporter) -> (artifact id: 'e25164e9764e677c70e4c9875a0a7106') in 0.040095 seconds
Number of updated asset objects reloaded before import = 0Number of asset objects unloaded after import = 12

========================================================================
Received Import Request.
  Time since last request: 0.001770 seconds.
  path: Assets/polyperfect/Low Poly Ultimate Pack/M/- Prefabs_M/Music_M/microphone.prefab
  artifactKey: Guid(4cff493ed75aed64cbd011800ea7a522) Importer(815301076,1909f56bfc062723c751e8b465ee728b)
Start importing Assets/polyperfect/Low Poly Ultimate Pack/M/- Prefabs_M/Music_M/microphone.prefab using Guid(4cff493ed75aed64cbd011800ea7a522) Importer(815301076,1909f56bfc062723c751e8b465ee728b) (PreviewImporter) -> (artifact id: 'a3ec959459cdc3eaa737354e7c8ce4f5') in 0.0313932 seconds
Number of updated asset objects reloaded before import = 0Number of asset objects unloaded after import = 10

========================================================================
Received Import Request.
  Time since last request: 0.043014 seconds.
  path: Assets/polyperfect/Low Poly Icon Pack/Images/_Icons/UI/icon_ui-cross-close_LP.png
  artifactKey: Guid(f0916582b1a76a04e81faf172f218ce3) Importer(815301076,1909f56bfc062723c751e8b465ee728b)
Start importing Assets/polyperfect/Low Poly Icon Pack/Images/_Icons/UI/icon_ui-cross-close_LP.png using Guid(f0916582b1a76a04e81faf172f218ce3) Importer(815301076,1909f56bfc062723c751e8b465ee728b) (PreviewImporter) -> (artifact id: 'f5052f50d460a6989ac61dd14ada23a7') in 0.0286231 seconds
Number of updated asset objects reloaded before import = 0Number of asset objects unloaded after import = 3

========================================================================
Received Import Request.
  Time since last request: 0.000039 seconds.
  path: Assets/polyperfect/Low Poly Icon Pack/Images/_Icons/Clothes/icon_shield-knight-cross_LP.png
  artifactKey: Guid(bfb80958ff0bc0f4e87abdaf9e1898dc) Importer(815301076,1909f56bfc062723c751e8b465ee728b)
Start importing Assets/polyperfect/Low Poly Icon Pack/Images/_Icons/Clothes/icon_shield-knight-cross_LP.png using Guid(bfb80958ff0bc0f4e87abdaf9e1898dc) Importer(815301076,1909f56bfc062723c751e8b465ee728b) (PreviewImporter) -> (artifact id: '922f9595e3c1ef7d4dd8ba4a3eab7919') in 0.0337425 seconds
Number of updated asset objects reloaded before import = 0Number of asset objects unloaded after import = 3

========================================================================
Received Import Request.
  Time since last request: 0.000046 seconds.
  path: Assets/polyperfect/Low Poly Icon Pack/Images/_Icons/Electronics/icon_headphones-gaming-microphone_LP.png
  artifactKey: Guid(7e597b8a820b15d4b9714f1d5667faec) Importer(815301076,1909f56bfc062723c751e8b465ee728b)
Start importing Assets/polyperfect/Low Poly Icon Pack/Images/_Icons/Electronics/icon_headphones-gaming-microphone_LP.png using Guid(7e597b8a820b15d4b9714f1d5667faec) Importer(815301076,1909f56bfc062723c751e8b465ee728b) (PreviewImporter) -> (artifact id: '0a4e1621a5d4c18e62791276e74ab905') in 0.0346938 seconds
Number of updated asset objects reloaded before import = 0Number of asset objects unloaded after import = 3

========================================================================
Received Import Request.
  Time since last request: 0.000031 seconds.
  path: Assets/polyperfect/Low Poly Icon Pack/Images/_Icons/Coins/icon_coin-crown-silver_LP.png
  artifactKey: Guid(3a64f3f8263386742add233fd6b03134) Importer(815301076,1909f56bfc062723c751e8b465ee728b)
Start importing Assets/polyperfect/Low Poly Icon Pack/Images/_Icons/Coins/icon_coin-crown-silver_LP.png using Guid(3a64f3f8263386742add233fd6b03134) Importer(815301076,1909f56bfc062723c751e8b465ee728b) (PreviewImporter) -> (artifact id: 'ed22b2a43e0ecacdd335d70393b49a25') in 0.0272471 seconds
Number of updated asset objects reloaded before import = 0Number of asset objects unloaded after import = 3

========================================================================
Received Import Request.
  Time since last request: 0.000035 seconds.
  path: Assets/polyperfect/Low Poly Animated People/- Textures/Environment/crow_sprite.png
  artifactKey: Guid(3ea8c9addd586504c916b0f043380beb) Importer(815301076,1909f56bfc062723c751e8b465ee728b)
Start importing Assets/polyperfect/Low Poly Animated People/- Textures/Environment/crow_sprite.png using Guid(3ea8c9addd586504c916b0f043380beb) Importer(815301076,1909f56bfc062723c751e8b465ee728b) (PreviewImporter) -> (artifact id: '58144b1f114801749163f92fde34f7da') in 0.0212102 seconds
Number of updated asset objects reloaded before import = 0Number of asset objects unloaded after import = 2

========================================================================
Received Import Request.
  Time since last request: 0.000049 seconds.
  path: Assets/polyperfect/Low Poly Animated People/- Sounds/crowd-walking.ogg
  artifactKey: Guid(ddec8cf93b66b4785985c0c49e5816a5) Importer(815301076,1909f56bfc062723c751e8b465ee728b)
Start importing Assets/polyperfect/Low Poly Animated People/- Sounds/crowd-walking.ogg using Guid(ddec8cf93b66b4785985c0c49e5816a5) Importer(815301076,1909f56bfc062723c751e8b465ee728b) (PreviewImporter) -> (artifact id: '7cf1d9ef9e6c977f4d732513bee09905') in 0.106033 seconds
Number of updated asset objects reloaded before import = 0Number of asset objects unloaded after import = 2

========================================================================
Received Import Request.
  Time since last request: 0.000042 seconds.
  path: Assets/polyperfect/Low Poly Animated Animals/- Prefabs/Animals/DEMO/Crocodile_DEMO.prefab
  artifactKey: Guid(369388cfb3f544dc293204b93421f9dd) Importer(815301076,1909f56bfc062723c751e8b465ee728b)
Start importing Assets/polyperfect/Low Poly Animated Animals/- Prefabs/Animals/DEMO/Crocodile_DEMO.prefab using Guid(369388cfb3f544dc293204b93421f9dd) Importer(815301076,1909f56bfc062723c751e8b465ee728b) (PreviewImporter) -> (artifact id: 'b692278c2fc53dfc2252f1d5d0c13b68') in 0.0842045 seconds
Number of updated asset objects reloaded before import = 0Number of asset objects unloaded after import = 299

========================================================================
Received Import Request.
  Time since last request: 3.887583 seconds.
  path: Assets/polyperfect/Low Poly Animated Animals/- Meshes/Animals/Crocodile/Crocodile_Attack_1.anim
  artifactKey: Guid(22eb65146273cfd4d8b34076e037e5d7) Importer(815301076,1909f56bfc062723c751e8b465ee728b)
Start importing Assets/polyperfect/Low Poly Animated Animals/- Meshes/Animals/Crocodile/Crocodile_Attack_1.anim using Guid(22eb65146273cfd4d8b34076e037e5d7) Importer(815301076,1909f56bfc062723c751e8b465ee728b) (PreviewImporter) -> (artifact id: 'e1959894794489bcf837d7874741b2ed') in 0.0176147 seconds
Number of updated asset objects reloaded before import = 0Number of asset objects unloaded after import = 1

========================================================================
Received Import Request.
  Time since last request: 1.670387 seconds.
  path: Assets/polyperfect/Low Poly Ultimate Pack/T/- Prefabs_T/Electronics_T/headphones-gaming-microphone.prefab
  artifactKey: Guid(26e81212a7d3c59449e4fe811c0c5052) Importer(815301076,1909f56bfc062723c751e8b465ee728b)
Start importing Assets/polyperfect/Low Poly Ultimate Pack/T/- Prefabs_T/Electronics_T/headphones-gaming-microphone.prefab using Guid(26e81212a7d3c59449e4fe811c0c5052) Importer(815301076,1909f56bfc062723c751e8b465ee728b) (PreviewImporter) -> (artifact id: '07b04d4fc25e3d6ed2704f5ead6876f9') in 0.0617053 seconds
Number of updated asset objects reloaded before import = 0Number of asset objects unloaded after import = 12

========================================================================
Received Import Request.
  Time since last request: 0.188438 seconds.
  path: Assets/polyperfect/Low Poly Ultimate Pack/M/- Prefabs_M/Electronics_M/headphones-gaming-microphone.prefab
  artifactKey: Guid(f4a686e270c26f246930b024884db10c) Importer(815301076,1909f56bfc062723c751e8b465ee728b)
Start importing Assets/polyperfect/Low Poly Ultimate Pack/M/- Prefabs_M/Electronics_M/headphones-gaming-microphone.prefab using Guid(f4a686e270c26f246930b024884db10c) Importer(815301076,1909f56bfc062723c751e8b465ee728b) (PreviewImporter) -> (artifact id: 'd26c6febe66389373359d4d56dbdfc7d') in 0.0594573 seconds
Number of updated asset objects reloaded before import = 0Number of asset objects unloaded after import = 12

Editor requested this worker to shutdown with reason: Scaling down because of idle timeout
AssetImportWorker is now disconnected from the server
Process exiting
Exiting without the bug reporter. Application will terminate with return code 0