Using pre-set license
Built from '6000.0/staging' branch; Version is '6000.0.41f1 (46e447368a18) revision 4645959'; Using compiler version '193933523'; Build Type 'Release'
OS: 'Windows 11  (10.0.26100) 64bit Core' Language: 'ko' Physical Memory: 15964 MB
BatchMode: 1, IsHumanControllingUs: 0, StartBugReporterOnCrash: 0, Is64bit: 1, IsPro: 1

COMMAND LINE ARGUMENTS:
C:\Program Files\Unity\Hub\Editor\6000.0.41f1\Editor\Unity.exe
-adb2
-batchMode
-noUpm
-name
AssetImportWorker0
-projectPath
C:/Unity_Project/ForAnimals
-logFile
Logs/AssetImportWorker0.log
-srvPort
49763
-job-worker-count
8
-background-job-worker-count
8
-gc-helper-count
1
Successfully changed project path to: C:/Unity_Project/ForAnimals
C:/Unity_Project/ForAnimals
[UnityMemory] Configuration Parameters - Can be set up in boot.config
    "memorysetup-bucket-allocator-granularity=16"
    "memorysetup-bucket-allocator-bucket-count=8"
    "memorysetup-bucket-allocator-block-size=33554432"
    "memorysetup-bucket-allocator-block-count=8"
    "memorysetup-main-allocator-block-size=16777216"
    "memorysetup-thread-allocator-block-size=16777216"
    "memorysetup-gfx-main-allocator-block-size=16777216"
    "memorysetup-gfx-thread-allocator-block-size=16777216"
    "memorysetup-cache-allocator-block-size=4194304"
    "memorysetup-typetree-allocator-block-size=2097152"
    "memorysetup-profiler-bucket-allocator-granularity=16"
    "memorysetup-profiler-bucket-allocator-bucket-count=8"
    "memorysetup-profiler-bucket-allocator-block-size=33554432"
    "memorysetup-profiler-bucket-allocator-block-count=8"
    "memorysetup-profiler-allocator-block-size=16777216"
    "memorysetup-profiler-editor-allocator-block-size=1048576"
    "memorysetup-temp-allocator-size-main=16777216"
    "memorysetup-job-temp-allocator-block-size=2097152"
    "memorysetup-job-temp-allocator-block-size-background=1048576"
    "memorysetup-job-temp-allocator-reduction-small-platforms=262144"
    "memorysetup-allocator-temp-initial-block-size-main=262144"
    "memorysetup-allocator-temp-initial-block-size-worker=262144"
    "memorysetup-temp-allocator-size-background-worker=32768"
    "memorysetup-temp-allocator-size-job-worker=262144"
    "memorysetup-temp-allocator-size-preload-manager=33554432"
    "memorysetup-temp-allocator-size-nav-mesh-worker=65536"
    "memorysetup-temp-allocator-size-audio-worker=65536"
    "memorysetup-temp-allocator-size-cloud-worker=32768"
    "memorysetup-temp-allocator-size-gi-baking-worker=262144"
    "memorysetup-temp-allocator-size-gi-baking-worker=262144"
    "memorysetup-temp-allocator-size-gi-baking-worker=262144"
    "memorysetup-temp-allocator-size-gi-baking-worker=262144"
    "memorysetup-temp-allocator-size-gi-baking-worker=262144"
    "memorysetup-temp-allocator-size-gfx=262144"
Player connection [17660]  Target information:

Player connection [17660]  * "[IP] 172.111.116.7 [Port] 0 [Flags] 2 [Guid] 1062992050 [EditorId] 1062992050 [Version] 1048832 [Id] WindowsEditor(7,PC-Lee) [Debug] 1 [PackageName] WindowsEditor [ProjectName] Editor" 

Player connection [17660] Host joined multi-casting on [225.0.0.222:54997]...
Player connection [17660] Host joined alternative multi-casting on [225.0.0.222:34997]...
JobSystem: Creating JobQueue using job-worker-count value 8
Input System module state changed to: Initialized.
[Physics::Module] Initialized fallback backend.
[Physics::Module] Id: 0xdecafbad
Library Redirect Path: Library/
[Physics::Module] Selected backend.
[Physics::Module] Name: PhysX
[Physics::Module] Id: 0xf2b8ea05
[Physics::Module] SDK Version: 4.1.2
[Physics::Module] Integration Version: 1.0.0
[Physics::Module] Threading Mode: Multi-Threaded
Refreshing native plugins compatible for Editor in 320.88 ms, found 3 plugins.
Preloading 0 native plugins for Editor in 0.00 ms.
Initialize engine version: 6000.0.41f1 (46e447368a18)
[Subsystems] Discovering subsystems at path C:/Program Files/Unity/Hub/Editor/6000.0.41f1/Editor/Data/Resources/UnitySubsystems
[Subsystems] Discovering subsystems at path C:/Unity_Project/ForAnimals/Assets
GfxDevice: creating device client; kGfxThreadingModeNonThreaded
Direct3D:
    Version:  Direct3D 11.0 [level 11.1]
    Renderer: Intel(R) Arc(TM) Graphics (ID=0x7d55)
    Vendor:   Intel
    VRAM:     7982 MB
    Driver:   31.0.101.5333
Initialize mono
Mono path[0] = 'C:/Program Files/Unity/Hub/Editor/6000.0.41f1/Editor/Data/Managed'
Mono path[1] = 'C:/Program Files/Unity/Hub/Editor/6000.0.41f1/Editor/Data/MonoBleedingEdge/lib/mono/unityjit-win32'
Mono config path = 'C:/Program Files/Unity/Hub/Editor/6000.0.41f1/Editor/Data/MonoBleedingEdge/etc'
Using monoOptions --debugger-agent=transport=dt_socket,embedding=1,server=y,suspend=n,address=127.0.0.1:56992
Begin MonoManager ReloadAssembly
Registering precompiled unity dll's ...
Register platform support module: C:/Program Files/Unity/Hub/Editor/6000.0.41f1/Editor/Data/PlaybackEngines/WebGLSupport/UnityEditor.WebGL.Extensions.dll
Register platform support module: C:/Program Files/Unity/Hub/Editor/6000.0.41f1/Editor/Data/PlaybackEngines/WindowsStandaloneSupport/UnityEditor.WindowsStandalone.Extensions.dll
Registered in 1.144875 seconds.
- Loaded All Assemblies, in 22.410 seconds
Native extension for WindowsStandalone target not found
Native extension for WebGL target not found
Mono: successfully reloaded assembly
- Finished resetting the current domain, in  0.497 seconds
Domain Reload Profiling: 22904ms
	BeginReloadAssembly (17205ms)
		ExecutionOrderSort (0ms)
		DisableScriptedObjects (0ms)
		BackupInstance (0ms)
		ReleaseScriptingObjects (0ms)
		CreateAndSetChildDomain (1ms)
	RebuildCommonClasses (1060ms)
	RebuildNativeTypeToScriptingClass (19ms)
	initialDomainReloadingComplete (1215ms)
	LoadAllAssembliesAndSetupDomain (2908ms)
		LoadAssemblies (17218ms)
		RebuildTransferFunctionScriptingTraits (0ms)
		AnalyzeDomain (2885ms)
			TypeCache.Refresh (2884ms)
				TypeCache.ScanAssembly (2214ms)
			BuildScriptInfoCaches (0ms)
			ResolveRequiredComponents (0ms)
	FinalizeReload (497ms)
		ReleaseScriptCaches (0ms)
		RebuildScriptCaches (0ms)
		SetupLoadedEditorAssemblies (455ms)
			LogAssemblyErrors (0ms)
			InitializePlatformSupportModulesInManaged (23ms)
			SetLoadedEditorAssemblies (6ms)
			BeforeProcessingInitializeOnLoad (93ms)
			ProcessInitializeOnLoadAttributes (241ms)
			ProcessInitializeOnLoadMethodAttributes (92ms)
			AfterProcessingInitializeOnLoad (0ms)
			EditorAssembliesLoaded (0ms)
		ExecutionOrderSort2 (0ms)
		AwakeInstancesAfterBackupRestoration (0ms)
Assembly reference Packages/com.unity.cinemachine/Editor/Samples/ExposeHDRPInternals/HDRP-Editor-ref.asmref has no target assembly definition
========================================================================
Worker process is ready to serve import requests
Import Worker Mode flag is 0x00
Assembly reference Packages/com.unity.cinemachine/Editor/Samples/ExposeHDRPInternals/HDRP-Editor-ref.asmref has no target assembly definition
Assembly reference Packages/com.unity.cinemachine/Editor/Samples/ExposeHDRPInternals/HDRP-Editor-ref.asmref has no target assembly definition
Begin MonoManager ReloadAssembly
- Loaded All Assemblies, in 26.392 seconds
Assembly reference Packages/com.unity.cinemachine/Editor/Samples/ExposeHDRPInternals/HDRP-Editor-ref.asmref has no target assembly definition
'Packages/com.unity.cinemachine/Editor/Obsolete/CinemachineVirtualCameraBaseEditor.cs' contains partial class of Unity.Object, exactly 1 of the partial classes needs to be in a file with the same filename. This is to know the one that can be referenced from ie. GameObjects
'Packages/com.unity.cinemachine/Editor/Editors/CinemachineVirtualCameraBaseEditor.cs' contains partial class of Unity.Object, exactly 1 of the partial classes needs to be in a file with the same filename. This is to know the one that can be referenced from ie. GameObjects
Refreshing native plugins compatible for Editor in 0.68 ms, found 3 plugins.
Native extension for WindowsStandalone target not found
Native extension for WebGL target not found
Assembly reference Packages/com.unity.cinemachine/Editor/Samples/ExposeHDRPInternals/HDRP-Editor-ref.asmref has no target assembly definition
Package Manager log level set to [2]
[Package Manager] Failed to launch server process. Reason: Unity was launched with the -noUpm command-line argument
[Package Manager] Unable to send message (not connected to server process).
[Package Manager] Cannot connect to Unity Package Manager local server
[MODES] ModeService[none].Initialize
[MODES] ModeService[none].LoadModes
[MODES] Loading mode Default (0) for mode-current-id-My project
Mono: successfully reloaded assembly
- Finished resetting the current domain, in  3.547 seconds
Domain Reload Profiling: 29935ms
	BeginReloadAssembly (209ms)
		ExecutionOrderSort (0ms)
		DisableScriptedObjects (9ms)
		BackupInstance (0ms)
		ReleaseScriptingObjects (0ms)
		CreateAndSetChildDomain (33ms)
	RebuildCommonClasses (39ms)
	RebuildNativeTypeToScriptingClass (21ms)
	initialDomainReloadingComplete (52ms)
	LoadAllAssembliesAndSetupDomain (26066ms)
		LoadAssemblies (24657ms)
		RebuildTransferFunctionScriptingTraits (0ms)
		AnalyzeDomain (1538ms)
			TypeCache.Refresh (1451ms)
				TypeCache.ScanAssembly (1294ms)
			BuildScriptInfoCaches (73ms)
			ResolveRequiredComponents (11ms)
	FinalizeReload (3547ms)
		ReleaseScriptCaches (0ms)
		RebuildScriptCaches (0ms)
		SetupLoadedEditorAssemblies (2521ms)
			LogAssemblyErrors (0ms)
			InitializePlatformSupportModulesInManaged (8ms)
			SetLoadedEditorAssemblies (3ms)
			BeforeProcessingInitializeOnLoad (166ms)
			ProcessInitializeOnLoadAttributes (1752ms)
			ProcessInitializeOnLoadMethodAttributes (587ms)
			AfterProcessingInitializeOnLoad (4ms)
			EditorAssembliesLoaded (0ms)
		ExecutionOrderSort2 (0ms)
		AwakeInstancesAfterBackupRestoration (5ms)
Launched and connected shader compiler UnityShaderCompiler.exe after 0.01 seconds
Refreshing native plugins compatible for Editor in 1.01 ms, found 3 plugins.
Preloading 0 native plugins for Editor in 0.00 ms.
Unloading 282 Unused Serialized files (Serialized files now loaded: 0)
Unloading 6975 unused Assets / (7.7 MB). Loaded Objects now: 7731.
Memory consumption went from 201.6 MB to 193.9 MB.
Total: 20.022800 ms (FindLiveObjects: 1.795700 ms CreateObjectMapping: 1.202000 ms MarkObjects: 10.109800 ms  DeleteObjects: 6.913000 ms)

========================================================================
Received Import Request.
  Time since last request: 1601.959532 seconds.
  path: Assets/polyperfect/Low Poly Ultimate Pack/T/- Prefabs_T/Scifi_T/scifi-planet-base-hall-start.prefab
  artifactKey: Guid(f04c4257b9ebaf4459f1e01013f743c7) Importer(815301076,1909f56bfc062723c751e8b465ee728b)
Start importing Assets/polyperfect/Low Poly Ultimate Pack/T/- Prefabs_T/Scifi_T/scifi-planet-base-hall-start.prefab using Guid(f04c4257b9ebaf4459f1e01013f743c7) Importer(815301076,1909f56bfc062723c751e8b465ee728b) (PreviewImporter) -> (artifact id: '056e875840cc5bb351ac7c3349c2418d') in 0.6525683 seconds
Number of updated asset objects reloaded before import = 0Number of asset objects unloaded after import = 12

========================================================================
Received Import Request.
  Time since last request: 0.000046 seconds.
  path: Assets/polyperfect/Low Poly Ultimate Pack/T/- Meshes_T/Terrains_T/Planes_T/terrain-plane-hill4.fbx
  artifactKey: Guid(5de1d8d27cc9e443bbd9eac7fb129207) Importer(815301076,1909f56bfc062723c751e8b465ee728b)
Start importing Assets/polyperfect/Low Poly Ultimate Pack/T/- Meshes_T/Terrains_T/Planes_T/terrain-plane-hill4.fbx using Guid(5de1d8d27cc9e443bbd9eac7fb129207) Importer(815301076,1909f56bfc062723c751e8b465ee728b) (PreviewImporter) -> (artifact id: '285bb21f4389be21aeeb28fd528bbd48') in 0.0590925 seconds
Number of updated asset objects reloaded before import = 0Number of asset objects unloaded after import = 7

========================================================================
Received Import Request.
  Time since last request: 0.000067 seconds.
  path: Assets/polyperfect/Low Poly Ultimate Pack/T/- Meshes_T/Vehicles_T/plane-passenger.fbx
  artifactKey: Guid(dfa84ac8953c3f746968a2b81470f923) Importer(815301076,1909f56bfc062723c751e8b465ee728b)
Start importing Assets/polyperfect/Low Poly Ultimate Pack/T/- Meshes_T/Vehicles_T/plane-passenger.fbx using Guid(dfa84ac8953c3f746968a2b81470f923) Importer(815301076,1909f56bfc062723c751e8b465ee728b) (PreviewImporter) -> (artifact id: '8c9e48dc19a99fbcb71e52b6992fec24') in 0.1974436 seconds
Number of updated asset objects reloaded before import = 0Number of asset objects unloaded after import = 44

========================================================================
Received Import Request.
  Time since last request: 0.000036 seconds.
  path: Assets/polyperfect/Low Poly Ultimate Pack/M/- Prefabs_M/Scifi_M/scifi-planet-base-hall-one-end.prefab
  artifactKey: Guid(8764b07280fbb194dafe521abb03dc8e) Importer(815301076,1909f56bfc062723c751e8b465ee728b)
Start importing Assets/polyperfect/Low Poly Ultimate Pack/M/- Prefabs_M/Scifi_M/scifi-planet-base-hall-one-end.prefab using Guid(8764b07280fbb194dafe521abb03dc8e) Importer(815301076,1909f56bfc062723c751e8b465ee728b) (PreviewImporter) -> (artifact id: '3c9d6a1c6ac49e764c24f0516f5400e5') in 0.037185 seconds
Number of updated asset objects reloaded before import = 0Number of asset objects unloaded after import = 13

========================================================================
Received Import Request.
  Time since last request: 0.000041 seconds.
  path: Assets/polyperfect/Low Poly Ultimate Pack/T/- Prefabs_T/Scifi_T/scifi-planet-base-hall.prefab
  artifactKey: Guid(c79f5e7312b7cb94fa26d67790b064ce) Importer(815301076,1909f56bfc062723c751e8b465ee728b)
Start importing Assets/polyperfect/Low Poly Ultimate Pack/T/- Prefabs_T/Scifi_T/scifi-planet-base-hall.prefab using Guid(c79f5e7312b7cb94fa26d67790b064ce) Importer(815301076,1909f56bfc062723c751e8b465ee728b) (PreviewImporter) -> (artifact id: '3597478e329e97b12ee6cb4f195a10f3') in 0.0333503 seconds
Number of updated asset objects reloaded before import = 0Number of asset objects unloaded after import = 12

========================================================================
Received Import Request.
  Time since last request: 0.000203 seconds.
  path: Assets/polyperfect/Low Poly Ultimate Pack/M/- Meshes_M/Scifi_M/scifi-planet-base-hall-one-start.fbx
  artifactKey: Guid(95889bf186b05fc4c9d78aa0cad9cf14) Importer(815301076,1909f56bfc062723c751e8b465ee728b)
Start importing Assets/polyperfect/Low Poly Ultimate Pack/M/- Meshes_M/Scifi_M/scifi-planet-base-hall-one-start.fbx using Guid(95889bf186b05fc4c9d78aa0cad9cf14) Importer(815301076,1909f56bfc062723c751e8b465ee728b) (PreviewImporter) -> (artifact id: '3319a62e9be83e7ee185533bc3d31ed0') in 0.0389262 seconds
Number of updated asset objects reloaded before import = 0Number of asset objects unloaded after import = 7

========================================================================
Received Import Request.
  Time since last request: 0.000025 seconds.
  path: Assets/polyperfect/Low Poly Ultimate Pack/T/- Meshes_T/Terrains_T/Planes_T/terrain-plane-slope1.fbx
  artifactKey: Guid(62762d829a3fb4226a8da24cd365a9fa) Importer(815301076,1909f56bfc062723c751e8b465ee728b)
Start importing Assets/polyperfect/Low Poly Ultimate Pack/T/- Meshes_T/Terrains_T/Planes_T/terrain-plane-slope1.fbx using Guid(62762d829a3fb4226a8da24cd365a9fa) Importer(815301076,1909f56bfc062723c751e8b465ee728b) (PreviewImporter) -> (artifact id: '19a79d121fb9d1ec7da1a561a5e791df') in 0.0364857 seconds
Number of updated asset objects reloaded before import = 0Number of asset objects unloaded after import = 7

========================================================================
Received Import Request.
  Time since last request: 0.000027 seconds.
  path: Assets/polyperfect/Low Poly Ultimate Pack/T/- Prefabs_T/Terrains_T/Planes_T/terrain-plane-hill2.prefab
  artifactKey: Guid(61f6b6e1ee83b40159df3c24ab83f1ff) Importer(815301076,1909f56bfc062723c751e8b465ee728b)
Start importing Assets/polyperfect/Low Poly Ultimate Pack/T/- Prefabs_T/Terrains_T/Planes_T/terrain-plane-hill2.prefab using Guid(61f6b6e1ee83b40159df3c24ab83f1ff) Importer(815301076,1909f56bfc062723c751e8b465ee728b) (PreviewImporter) -> (artifact id: 'f96f7ef498a402e925c20c3279f26b9b') in 0.035447 seconds
Number of updated asset objects reloaded before import = 0Number of asset objects unloaded after import = 12

========================================================================
Received Import Request.
  Time since last request: 0.000056 seconds.
  path: Assets/polyperfect/Low Poly Ultimate Pack/T/- Meshes_T/Scifi_T/scifi-planet-base-hall-end.fbx
  artifactKey: Guid(6e153957059284749a24945929ff305f) Importer(815301076,1909f56bfc062723c751e8b465ee728b)
Start importing Assets/polyperfect/Low Poly Ultimate Pack/T/- Meshes_T/Scifi_T/scifi-planet-base-hall-end.fbx using Guid(6e153957059284749a24945929ff305f) Importer(815301076,1909f56bfc062723c751e8b465ee728b) (PreviewImporter) -> (artifact id: '1090975e110ff8fe4958f1c326ab1281') in 0.0384261 seconds
Number of updated asset objects reloaded before import = 0Number of asset objects unloaded after import = 7

========================================================================
Received Import Request.
  Time since last request: 0.000073 seconds.
  path: Assets/polyperfect/Low Poly Ultimate Pack/M/- Prefabs_M/Terrains_M/Planes_M/terrain-plane-hill3.prefab
  artifactKey: Guid(c13c252c666c8e4468c53cc424c9316b) Importer(815301076,1909f56bfc062723c751e8b465ee728b)
Start importing Assets/polyperfect/Low Poly Ultimate Pack/M/- Prefabs_M/Terrains_M/Planes_M/terrain-plane-hill3.prefab using Guid(c13c252c666c8e4468c53cc424c9316b) Importer(815301076,1909f56bfc062723c751e8b465ee728b) (PreviewImporter) -> (artifact id: 'ff850df874329346a39d9658ccbd3af1') in 0.0293555 seconds
Number of updated asset objects reloaded before import = 0Number of asset objects unloaded after import = 9

========================================================================
Received Import Request.
  Time since last request: 0.000027 seconds.
  path: Assets/polyperfect/Low Poly Ultimate Pack/T/- Meshes_T/Space_T/planet-sea.fbx
  artifactKey: Guid(dd2ef1e0ca09b48f2803a5d6ebf79526) Importer(815301076,1909f56bfc062723c751e8b465ee728b)
Start importing Assets/polyperfect/Low Poly Ultimate Pack/T/- Meshes_T/Space_T/planet-sea.fbx using Guid(dd2ef1e0ca09b48f2803a5d6ebf79526) Importer(815301076,1909f56bfc062723c751e8b465ee728b) (PreviewImporter) -> (artifact id: '5b0109aefa3bbed8b1520009e6c14033') in 0.035967 seconds
Number of updated asset objects reloaded before import = 0Number of asset objects unloaded after import = 7

========================================================================
Received Import Request.
  Time since last request: 0.000025 seconds.
  path: Assets/polyperfect/Low Poly Ultimate Pack/T/- Prefabs_T/Terrains_T/Planes_T/terrain-plane-hill3.prefab
  artifactKey: Guid(7be8268653d42422aadd8b716dd5699d) Importer(815301076,1909f56bfc062723c751e8b465ee728b)
Start importing Assets/polyperfect/Low Poly Ultimate Pack/T/- Prefabs_T/Terrains_T/Planes_T/terrain-plane-hill3.prefab using Guid(7be8268653d42422aadd8b716dd5699d) Importer(815301076,1909f56bfc062723c751e8b465ee728b) (PreviewImporter) -> (artifact id: 'f1bb62c14045e1a582b003f3c4efd053') in 0.0404842 seconds
Number of updated asset objects reloaded before import = 0Number of asset objects unloaded after import = 12

========================================================================
Received Import Request.
  Time since last request: 0.000043 seconds.
  path: Assets/polyperfect/Low Poly Ultimate Pack/T/- Prefabs_T/Terrains_T/Planes_T/terrain-plane-slope3.prefab
  artifactKey: Guid(acb85f5a06a4c41b3adb6278c4a90922) Importer(815301076,1909f56bfc062723c751e8b465ee728b)
Start importing Assets/polyperfect/Low Poly Ultimate Pack/T/- Prefabs_T/Terrains_T/Planes_T/terrain-plane-slope3.prefab using Guid(acb85f5a06a4c41b3adb6278c4a90922) Importer(815301076,1909f56bfc062723c751e8b465ee728b) (PreviewImporter) -> (artifact id: '0b93e1687d1ac9d8c09ce88a50a4ac5c') in 0.0331198 seconds
Number of updated asset objects reloaded before import = 0Number of asset objects unloaded after import = 12

========================================================================
Received Import Request.
  Time since last request: 0.000035 seconds.
  path: Assets/polyperfect/Low Poly Ultimate Pack/M/- Meshes_M/Apocalypse_M/plane-passenger-apocalypse.fbx
  artifactKey: Guid(fb8ff6d736445274c8fdb4b2e82b02f3) Importer(815301076,1909f56bfc062723c751e8b465ee728b)
Start importing Assets/polyperfect/Low Poly Ultimate Pack/M/- Meshes_M/Apocalypse_M/plane-passenger-apocalypse.fbx using Guid(fb8ff6d736445274c8fdb4b2e82b02f3) Importer(815301076,1909f56bfc062723c751e8b465ee728b) (PreviewImporter) -> (artifact id: '108148dd471597f3a05f017410419685') in 0.0629236 seconds
Number of updated asset objects reloaded before import = 0Number of asset objects unloaded after import = 14

========================================================================
Received Import Request.
  Time since last request: 0.000034 seconds.
  path: Assets/polyperfect/Low Poly Ultimate Pack/T/- Prefabs_T/Terrains_T/Planes_T/terrain-plane-valley2.prefab
  artifactKey: Guid(b06f252fc3d10475dbacd46914096937) Importer(815301076,1909f56bfc062723c751e8b465ee728b)
Start importing Assets/polyperfect/Low Poly Ultimate Pack/T/- Prefabs_T/Terrains_T/Planes_T/terrain-plane-valley2.prefab using Guid(b06f252fc3d10475dbacd46914096937) Importer(815301076,1909f56bfc062723c751e8b465ee728b) (PreviewImporter) -> (artifact id: '8b0be7c4ab96217b9e7278a8a1a8bc71') in 0.0338052 seconds
Number of updated asset objects reloaded before import = 0Number of asset objects unloaded after import = 12

========================================================================
Received Import Request.
  Time since last request: 0.000049 seconds.
  path: Assets/polyperfect/Low Poly Ultimate Pack/M/- Meshes_M/Nature_M/Leaves_M/leaf-plane.fbx
  artifactKey: Guid(54ac6ad301cacee41875a4184e8e20a5) Importer(815301076,1909f56bfc062723c751e8b465ee728b)
Start importing Assets/polyperfect/Low Poly Ultimate Pack/M/- Meshes_M/Nature_M/Leaves_M/leaf-plane.fbx using Guid(54ac6ad301cacee41875a4184e8e20a5) Importer(815301076,1909f56bfc062723c751e8b465ee728b) (PreviewImporter) -> (artifact id: 'd8f7cde3b20b4610117efa91aa64fda2') in 0.0310237 seconds
Number of updated asset objects reloaded before import = 0Number of asset objects unloaded after import = 7

========================================================================
Received Import Request.
  Time since last request: 0.000041 seconds.
  path: Assets/polyperfect/Low Poly Ultimate Pack/T/- Meshes_T/Apocalypse_T/plane-passenger-apocalypse.fbx
  artifactKey: Guid(0a2a16b49177f0a4ea061255859a6236) Importer(815301076,1909f56bfc062723c751e8b465ee728b)
Start importing Assets/polyperfect/Low Poly Ultimate Pack/T/- Meshes_T/Apocalypse_T/plane-passenger-apocalypse.fbx using Guid(0a2a16b49177f0a4ea061255859a6236) Importer(815301076,1909f56bfc062723c751e8b465ee728b) (PreviewImporter) -> (artifact id: '8e22facc73469e83be27854cf474dedd') in 0.0559694 seconds
Number of updated asset objects reloaded before import = 0Number of asset objects unloaded after import = 14

========================================================================
Received Import Request.
  Time since last request: 0.000034 seconds.
  path: Assets/polyperfect/Low Poly Ultimate Pack/M/- Prefabs_M/Scifi_M/scifi-planet-base-hall-middle.prefab
  artifactKey: Guid(a103f055759a8c444a99c6b858337d6d) Importer(815301076,1909f56bfc062723c751e8b465ee728b)
Start importing Assets/polyperfect/Low Poly Ultimate Pack/M/- Prefabs_M/Scifi_M/scifi-planet-base-hall-middle.prefab using Guid(a103f055759a8c444a99c6b858337d6d) Importer(815301076,1909f56bfc062723c751e8b465ee728b) (PreviewImporter) -> (artifact id: '90c0bc1984689f0d78069b4d28bb79d6') in 0.0330884 seconds
Number of updated asset objects reloaded before import = 0Number of asset objects unloaded after import = 13

========================================================================
Received Import Request.
  Time since last request: 0.000032 seconds.
  path: Assets/polyperfect/Low Poly Ultimate Pack/M/- Prefabs_M/Scifi_M/scifi-planet-base-hall-one-middle.prefab
  artifactKey: Guid(4c7cb57eef03bd846a731e8efe819984) Importer(815301076,1909f56bfc062723c751e8b465ee728b)
Start importing Assets/polyperfect/Low Poly Ultimate Pack/M/- Prefabs_M/Scifi_M/scifi-planet-base-hall-one-middle.prefab using Guid(4c7cb57eef03bd846a731e8efe819984) Importer(815301076,1909f56bfc062723c751e8b465ee728b) (PreviewImporter) -> (artifact id: '873a218c72568a52618e4b8e054c46e1') in 0.0300894 seconds
Number of updated asset objects reloaded before import = 0Number of asset objects unloaded after import = 13

========================================================================
Received Import Request.
  Time since last request: 0.000169 seconds.
  path: Assets/polyperfect/Low Poly Ultimate Pack/T/- Prefabs_T/Terrains_T/Planes_T/terrain-plane-valley3.prefab
  artifactKey: Guid(95fd4011e5dc54ec19166638fecda520) Importer(815301076,1909f56bfc062723c751e8b465ee728b)
Start importing Assets/polyperfect/Low Poly Ultimate Pack/T/- Prefabs_T/Terrains_T/Planes_T/terrain-plane-valley3.prefab using Guid(95fd4011e5dc54ec19166638fecda520) Importer(815301076,1909f56bfc062723c751e8b465ee728b) (PreviewImporter) -> (artifact id: 'bb48db1539de916f369d1eaab961e6a8') in 0.0326918 seconds
Number of updated asset objects reloaded before import = 0Number of asset objects unloaded after import = 12

========================================================================
Received Import Request.
  Time since last request: 0.000050 seconds.
  path: Assets/polyperfect/Low Poly Ultimate Pack/T/- Prefabs_T/Nature_T/Leaves_T/leaf-plane.prefab
  artifactKey: Guid(f385ea86f22412349b32dc1356a226c0) Importer(815301076,1909f56bfc062723c751e8b465ee728b)
Start importing Assets/polyperfect/Low Poly Ultimate Pack/T/- Prefabs_T/Nature_T/Leaves_T/leaf-plane.prefab using Guid(f385ea86f22412349b32dc1356a226c0) Importer(815301076,1909f56bfc062723c751e8b465ee728b) (PreviewImporter) -> (artifact id: '84c07faa1de0c8b90a6387a4c0eb234c') in 0.0342376 seconds
Number of updated asset objects reloaded before import = 0Number of asset objects unloaded after import = 11

========================================================================
Received Import Request.
  Time since last request: 0.000032 seconds.
  path: Assets/polyperfect/Low Poly Ultimate Pack/T/- Prefabs_T/Terrains_T/Planes_T/terrain-plane-slope4.prefab
  artifactKey: Guid(72b07d8a452734b22b34288da3cc37d3) Importer(815301076,1909f56bfc062723c751e8b465ee728b)
Start importing Assets/polyperfect/Low Poly Ultimate Pack/T/- Prefabs_T/Terrains_T/Planes_T/terrain-plane-slope4.prefab using Guid(72b07d8a452734b22b34288da3cc37d3) Importer(815301076,1909f56bfc062723c751e8b465ee728b) (PreviewImporter) -> (artifact id: '0f46cdec41d595e4d1325bd8e8185cf9') in 0.0364755 seconds
Number of updated asset objects reloaded before import = 0Number of asset objects unloaded after import = 12

========================================================================
Received Import Request.
  Time since last request: 0.000025 seconds.
  path: Assets/polyperfect/Low Poly Ultimate Pack/M/- Meshes_M/Terrains_M/Scenes_M/terrain-mountain.fbx
  artifactKey: Guid(33e3e8ecdf2ed45e9a842bb33225804a) Importer(815301076,1909f56bfc062723c751e8b465ee728b)
Start importing Assets/polyperfect/Low Poly Ultimate Pack/M/- Meshes_M/Terrains_M/Scenes_M/terrain-mountain.fbx using Guid(33e3e8ecdf2ed45e9a842bb33225804a) Importer(815301076,1909f56bfc062723c751e8b465ee728b) (PreviewImporter) -> (artifact id: '6982caa576f418dc38734adec4edb8ff') in 0.0326145 seconds
Number of updated asset objects reloaded before import = 0Number of asset objects unloaded after import = 7

========================================================================
Received Import Request.
  Time since last request: 0.000029 seconds.
  path: Assets/polyperfect/Low Poly Animated People/- Models/Meshes/Scene/planet-sea.fbx
  artifactKey: Guid(6752c7e819c79154abca56a62982a51b) Importer(815301076,1909f56bfc062723c751e8b465ee728b)
Start importing Assets/polyperfect/Low Poly Animated People/- Models/Meshes/Scene/planet-sea.fbx using Guid(6752c7e819c79154abca56a62982a51b) Importer(815301076,1909f56bfc062723c751e8b465ee728b) (PreviewImporter) -> (artifact id: 'e0811011948de758921d490b588021b1') in 0.0349892 seconds
Number of updated asset objects reloaded before import = 0Number of asset objects unloaded after import = 7

========================================================================
Received Import Request.
  Time since last request: 0.000039 seconds.
  path: Assets/polyperfect/Low Poly Ultimate Pack/M/- Prefabs_M/Scifi_M/scifi-planet-base-connector-tri.prefab
  artifactKey: Guid(c0dc54531934d4d43bce9b05695dd52b) Importer(815301076,1909f56bfc062723c751e8b465ee728b)
Start importing Assets/polyperfect/Low Poly Ultimate Pack/M/- Prefabs_M/Scifi_M/scifi-planet-base-connector-tri.prefab using Guid(c0dc54531934d4d43bce9b05695dd52b) Importer(815301076,1909f56bfc062723c751e8b465ee728b) (PreviewImporter) -> (artifact id: 'd7da89f15783c322f267846f54debf43') in 0.0382832 seconds
Number of updated asset objects reloaded before import = 0Number of asset objects unloaded after import = 16

========================================================================
Received Import Request.
  Time since last request: 0.000031 seconds.
  path: Assets/polyperfect/Low Poly Animated Animals/- Meshes/Terrains/SM_Grid_Plane.fbx
  artifactKey: Guid(e8addb2947154a443b1cf4494a0845c6) Importer(815301076,1909f56bfc062723c751e8b465ee728b)
Start importing Assets/polyperfect/Low Poly Animated Animals/- Meshes/Terrains/SM_Grid_Plane.fbx using Guid(e8addb2947154a443b1cf4494a0845c6) Importer(815301076,1909f56bfc062723c751e8b465ee728b) (PreviewImporter) -> (artifact id: 'dbbc7ddf11c729fe48a7ccb62fa9b64c') in 0.0434128 seconds
Number of updated asset objects reloaded before import = 0Number of asset objects unloaded after import = 7

========================================================================
Received Import Request.
  Time since last request: 0.000035 seconds.
  path: Assets/polyperfect/Low Poly Ultimate Pack/M/- Meshes_M/Terrains_M/Planes_M/terrain-plane-hill2.fbx
  artifactKey: Guid(7e543acdd24234656b0f2c352eee5f25) Importer(815301076,1909f56bfc062723c751e8b465ee728b)
Start importing Assets/polyperfect/Low Poly Ultimate Pack/M/- Meshes_M/Terrains_M/Planes_M/terrain-plane-hill2.fbx using Guid(7e543acdd24234656b0f2c352eee5f25) Importer(815301076,1909f56bfc062723c751e8b465ee728b) (PreviewImporter) -> (artifact id: '98f526c08422cb264d33693667bcc8c9') in 0.0392179 seconds
Number of updated asset objects reloaded before import = 0Number of asset objects unloaded after import = 7

========================================================================
Received Import Request.
  Time since last request: 0.000028 seconds.
  path: Assets/polyperfect/Low Poly Ultimate Pack/M/- Meshes_M/Terrains_M/Planes_M/terrain-plane-hill4.fbx
  artifactKey: Guid(527cb07d3a0b24e16a379e03a3b5ef07) Importer(815301076,1909f56bfc062723c751e8b465ee728b)
Start importing Assets/polyperfect/Low Poly Ultimate Pack/M/- Meshes_M/Terrains_M/Planes_M/terrain-plane-hill4.fbx using Guid(527cb07d3a0b24e16a379e03a3b5ef07) Importer(815301076,1909f56bfc062723c751e8b465ee728b) (PreviewImporter) -> (artifact id: 'bed8cd08702bd86c645f4331bea415c4') in 0.0345011 seconds
Number of updated asset objects reloaded before import = 0Number of asset objects unloaded after import = 7

========================================================================
Received Import Request.
  Time since last request: 0.000063 seconds.
  path: Assets/polyperfect/Low Poly Ultimate Pack/T/- Meshes_T/Scifi_T/scifi-planet-base-connector-tri.fbx
  artifactKey: Guid(eb2041d0772cf2142ba203c37373ac97) Importer(815301076,1909f56bfc062723c751e8b465ee728b)
Start importing Assets/polyperfect/Low Poly Ultimate Pack/T/- Meshes_T/Scifi_T/scifi-planet-base-connector-tri.fbx using Guid(eb2041d0772cf2142ba203c37373ac97) Importer(815301076,1909f56bfc062723c751e8b465ee728b) (PreviewImporter) -> (artifact id: '3fe56398db2a790285ecfac8ee173a69') in 0.0354946 seconds
Number of updated asset objects reloaded before import = 0Number of asset objects unloaded after import = 7

========================================================================
Received Import Request.
  Time since last request: 0.000025 seconds.
  path: Assets/polyperfect/Low Poly Ultimate Pack/M/- Meshes_M/Scifi_M/scifi-planet-base-hall-start.fbx
  artifactKey: Guid(4f29be96d4a37094fa87298daa0caf50) Importer(815301076,1909f56bfc062723c751e8b465ee728b)
Start importing Assets/polyperfect/Low Poly Ultimate Pack/M/- Meshes_M/Scifi_M/scifi-planet-base-hall-start.fbx using Guid(4f29be96d4a37094fa87298daa0caf50) Importer(815301076,1909f56bfc062723c751e8b465ee728b) (PreviewImporter) -> (artifact id: 'dda7c2eac07b5907fcb07aad87839292') in 0.0336509 seconds
Number of updated asset objects reloaded before import = 0Number of asset objects unloaded after import = 7

========================================================================
Received Import Request.
  Time since last request: 0.000024 seconds.
  path: Assets/polyperfect/Low Poly Ultimate Pack/T/- Meshes_T/Terrains_T/Planes_T/terrain-plane-valley2.fbx
  artifactKey: Guid(fdfbe4dec3cd24d66b8b3cd991f7ab0a) Importer(815301076,1909f56bfc062723c751e8b465ee728b)
Start importing Assets/polyperfect/Low Poly Ultimate Pack/T/- Meshes_T/Terrains_T/Planes_T/terrain-plane-valley2.fbx using Guid(fdfbe4dec3cd24d66b8b3cd991f7ab0a) Importer(815301076,1909f56bfc062723c751e8b465ee728b) (PreviewImporter) -> (artifact id: 'bab0fa6413965ae958c61686d64004f1') in 0.0334881 seconds
Number of updated asset objects reloaded before import = 0Number of asset objects unloaded after import = 7

========================================================================
Received Import Request.
  Time since last request: 0.000030 seconds.
  path: Assets/polyperfect/Low Poly Ultimate Pack/T/- Prefabs_T/Vehicles_T/air/floatplane.prefab
  artifactKey: Guid(a50cd6a10072d2a45a4086016ee4724a) Importer(815301076,1909f56bfc062723c751e8b465ee728b)
Start importing Assets/polyperfect/Low Poly Ultimate Pack/T/- Prefabs_T/Vehicles_T/air/floatplane.prefab using Guid(a50cd6a10072d2a45a4086016ee4724a) Importer(815301076,1909f56bfc062723c751e8b465ee728b) (PreviewImporter) -> (artifact id: '947c252af1383fe9b8afb004e8bb472d') in 0.0360858 seconds
Number of updated asset objects reloaded before import = 0Number of asset objects unloaded after import = 20

========================================================================
Received Import Request.
  Time since last request: 0.000057 seconds.
  path: Assets/polyperfect/Low Poly Ultimate Pack/M/- Meshes_M/Scifi_M/scifi-planet-base-hall-two-start.fbx
  artifactKey: Guid(f97d393790a44a44dba92cea7a5893bc) Importer(815301076,1909f56bfc062723c751e8b465ee728b)
Start importing Assets/polyperfect/Low Poly Ultimate Pack/M/- Meshes_M/Scifi_M/scifi-planet-base-hall-two-start.fbx using Guid(f97d393790a44a44dba92cea7a5893bc) Importer(815301076,1909f56bfc062723c751e8b465ee728b) (PreviewImporter) -> (artifact id: '5b715a0e29df2fe5ab2e17e25f7571a2') in 0.0443727 seconds
Number of updated asset objects reloaded before import = 0Number of asset objects unloaded after import = 7

========================================================================
Received Import Request.
  Time since last request: 0.000031 seconds.
  path: Assets/polyperfect/Low Poly Ultimate Pack/M/- Prefabs_M/Terrains_M/Planes_M/terrain-plane-slope4.prefab
  artifactKey: Guid(bd5877ba4a8809d499ac6832f473129b) Importer(815301076,1909f56bfc062723c751e8b465ee728b)
Start importing Assets/polyperfect/Low Poly Ultimate Pack/M/- Prefabs_M/Terrains_M/Planes_M/terrain-plane-slope4.prefab using Guid(bd5877ba4a8809d499ac6832f473129b) Importer(815301076,1909f56bfc062723c751e8b465ee728b) (PreviewImporter) -> (artifact id: 'af40fc1d93472a28580724eaeb4e4f24') in 0.0318962 seconds
Number of updated asset objects reloaded before import = 0Number of asset objects unloaded after import = 9

========================================================================
Received Import Request.
  Time since last request: 0.000026 seconds.
  path: Assets/polyperfect/Low Poly Ultimate Pack/T/- Prefabs_T/Terrains_T/Planes_T/terrain-plane-slope2.prefab
  artifactKey: Guid(bcbf375b0a973406ea8efb7052052c30) Importer(815301076,1909f56bfc062723c751e8b465ee728b)
Start importing Assets/polyperfect/Low Poly Ultimate Pack/T/- Prefabs_T/Terrains_T/Planes_T/terrain-plane-slope2.prefab using Guid(bcbf375b0a973406ea8efb7052052c30) Importer(815301076,1909f56bfc062723c751e8b465ee728b) (PreviewImporter) -> (artifact id: '9c8376922fc47a90de3852bc38c6e667') in 0.0322291 seconds
Number of updated asset objects reloaded before import = 0Number of asset objects unloaded after import = 12

========================================================================
Received Import Request.
  Time since last request: 0.000030 seconds.
  path: Assets/polyperfect/Low Poly Ultimate Pack/M/- Prefabs_M/Vehicles_M/Air_M/plane-passenger.prefab
  artifactKey: Guid(2c6fe8d498165174eb775d26fcba9619) Importer(815301076,1909f56bfc062723c751e8b465ee728b)
Start importing Assets/polyperfect/Low Poly Ultimate Pack/M/- Prefabs_M/Vehicles_M/Air_M/plane-passenger.prefab using Guid(2c6fe8d498165174eb775d26fcba9619) Importer(815301076,1909f56bfc062723c751e8b465ee728b) (PreviewImporter) -> (artifact id: 'a22ece7bba3903c2a285a100999aede1') in 0.0386737 seconds
Number of updated asset objects reloaded before import = 0Number of asset objects unloaded after import = 58

========================================================================
Received Import Request.
  Time since last request: 0.000046 seconds.
  path: Assets/polyperfect/Low Poly Ultimate Pack/T/- Prefabs_T/Scifi_T/scifi-planet-base-hall-two-middle.prefab
  artifactKey: Guid(273f012ae48c55340915402623046524) Importer(815301076,1909f56bfc062723c751e8b465ee728b)
Start importing Assets/polyperfect/Low Poly Ultimate Pack/T/- Prefabs_T/Scifi_T/scifi-planet-base-hall-two-middle.prefab using Guid(273f012ae48c55340915402623046524) Importer(815301076,1909f56bfc062723c751e8b465ee728b) (PreviewImporter) -> (artifact id: 'a87b159f90cf73ed6e74be7deb84e518') in 0.0305222 seconds
Number of updated asset objects reloaded before import = 0Number of asset objects unloaded after import = 12

========================================================================
Received Import Request.
  Time since last request: 0.000031 seconds.
  path: Assets/polyperfect/Low Poly Ultimate Pack/M/- Meshes_M/Scifi_M/scifi-planet-base-room.fbx
  artifactKey: Guid(33cb38aa7a65eb340b2accdd9e0abd14) Importer(815301076,1909f56bfc062723c751e8b465ee728b)
Start importing Assets/polyperfect/Low Poly Ultimate Pack/M/- Meshes_M/Scifi_M/scifi-planet-base-room.fbx using Guid(33cb38aa7a65eb340b2accdd9e0abd14) Importer(815301076,1909f56bfc062723c751e8b465ee728b) (PreviewImporter) -> (artifact id: '9746545b408f8c866424fd8169ed92ba') in 0.0342651 seconds
Number of updated asset objects reloaded before import = 0Number of asset objects unloaded after import = 7

========================================================================
Received Import Request.
  Time since last request: 0.000041 seconds.
  path: Assets/polyperfect/Low Poly Ultimate Pack/T/- Prefabs_T/Space_T/planet-sea.prefab
  artifactKey: Guid(12315b0aaa5d14bc2a1ddbef51f1160a) Importer(815301076,1909f56bfc062723c751e8b465ee728b)
Start importing Assets/polyperfect/Low Poly Ultimate Pack/T/- Prefabs_T/Space_T/planet-sea.prefab using Guid(12315b0aaa5d14bc2a1ddbef51f1160a) Importer(815301076,1909f56bfc062723c751e8b465ee728b) (PreviewImporter) -> (artifact id: '2e06e901fc66d9c9664eb96234d1942f') in 0.0336687 seconds
Number of updated asset objects reloaded before import = 0Number of asset objects unloaded after import = 12

========================================================================
Received Import Request.
  Time since last request: 0.000027 seconds.
  path: Assets/polyperfect/Low Poly Ultimate Pack/M/- Prefabs_M/Scifi_M/scifi-planet-base-generator-big.prefab
  artifactKey: Guid(a7c3d899c4b351b46bc1239bacfd99fa) Importer(815301076,1909f56bfc062723c751e8b465ee728b)
Start importing Assets/polyperfect/Low Poly Ultimate Pack/M/- Prefabs_M/Scifi_M/scifi-planet-base-generator-big.prefab using Guid(a7c3d899c4b351b46bc1239bacfd99fa) Importer(815301076,1909f56bfc062723c751e8b465ee728b) (PreviewImporter) -> (artifact id: 'ee1a9a75c530acefbb3dd8dd51f5e17f') in 0.0350322 seconds
Number of updated asset objects reloaded before import = 0Number of asset objects unloaded after import = 15

========================================================================
Received Import Request.
  Time since last request: 0.000043 seconds.
  path: Assets/polyperfect/Low Poly Ultimate Pack/M/- Prefabs_M/Terrains_M/Planes_M/terrain-plane-valley3.prefab
  artifactKey: Guid(155d8c5377166774d9facf357826e9a6) Importer(815301076,1909f56bfc062723c751e8b465ee728b)
Start importing Assets/polyperfect/Low Poly Ultimate Pack/M/- Prefabs_M/Terrains_M/Planes_M/terrain-plane-valley3.prefab using Guid(155d8c5377166774d9facf357826e9a6) Importer(815301076,1909f56bfc062723c751e8b465ee728b) (PreviewImporter) -> (artifact id: '45e3e75b8e9199d58ce338ad7ee79e91') in 0.0298374 seconds
Number of updated asset objects reloaded before import = 0Number of asset objects unloaded after import = 9

========================================================================
Received Import Request.
  Time since last request: 0.000025 seconds.
  path: Assets/polyperfect/Low Poly Ultimate Pack/T/- Meshes_T/Scifi_T/scifi-planet-base-hall-start.fbx
  artifactKey: Guid(851c1cb76632cad4ea57d7b7672faebe) Importer(815301076,1909f56bfc062723c751e8b465ee728b)
Start importing Assets/polyperfect/Low Poly Ultimate Pack/T/- Meshes_T/Scifi_T/scifi-planet-base-hall-start.fbx using Guid(851c1cb76632cad4ea57d7b7672faebe) Importer(815301076,1909f56bfc062723c751e8b465ee728b) (PreviewImporter) -> (artifact id: '84c83e3d317df3fca455de323e093e70') in 0.033629 seconds
Number of updated asset objects reloaded before import = 0Number of asset objects unloaded after import = 7

========================================================================
Received Import Request.
  Time since last request: 0.000025 seconds.
  path: Assets/polyperfect/Low Poly Ultimate Pack/M/- Meshes_M/Scifi_M/scifi-planet-base-side-sleeping.fbx
  artifactKey: Guid(e33187eaf195af0419f36ebdeafd31c4) Importer(815301076,1909f56bfc062723c751e8b465ee728b)
Start importing Assets/polyperfect/Low Poly Ultimate Pack/M/- Meshes_M/Scifi_M/scifi-planet-base-side-sleeping.fbx using Guid(e33187eaf195af0419f36ebdeafd31c4) Importer(815301076,1909f56bfc062723c751e8b465ee728b) (PreviewImporter) -> (artifact id: 'cfbf10f53e9d080ad34f6d5c0549870f') in 0.0426728 seconds
Number of updated asset objects reloaded before import = 0Number of asset objects unloaded after import = 7

========================================================================
Received Import Request.
  Time since last request: 0.000026 seconds.
  path: Assets/polyperfect/Low Poly Ultimate Pack/M/- Meshes_M/Vehicles_M/floatplane.fbx
  artifactKey: Guid(e28a2f7a3fdfe704a895e4a5521d8acc) Importer(815301076,1909f56bfc062723c751e8b465ee728b)
Start importing Assets/polyperfect/Low Poly Ultimate Pack/M/- Meshes_M/Vehicles_M/floatplane.fbx using Guid(e28a2f7a3fdfe704a895e4a5521d8acc) Importer(815301076,1909f56bfc062723c751e8b465ee728b) (PreviewImporter) -> (artifact id: '9793062a20349a4cc096b043fa6546d9') in 0.0617705 seconds
Number of updated asset objects reloaded before import = 0Number of asset objects unloaded after import = 14

========================================================================
Received Import Request.
  Time since last request: 0.000030 seconds.
  path: Assets/polyperfect/Low Poly Ultimate Pack/T/- Prefabs_T/Scifi_T/scifi-planet-base-hall-one-middle.prefab
  artifactKey: Guid(e4d9ab63479d99f45a7f0d456b08f7cf) Importer(815301076,1909f56bfc062723c751e8b465ee728b)
Start importing Assets/polyperfect/Low Poly Ultimate Pack/T/- Prefabs_T/Scifi_T/scifi-planet-base-hall-one-middle.prefab using Guid(e4d9ab63479d99f45a7f0d456b08f7cf) Importer(815301076,1909f56bfc062723c751e8b465ee728b) (PreviewImporter) -> (artifact id: '64b428531f57f49a5ae11e82d6054793') in 0.0412846 seconds
Number of updated asset objects reloaded before import = 0Number of asset objects unloaded after import = 12

========================================================================
Received Import Request.
  Time since last request: 0.000055 seconds.
  path: Assets/polyperfect/Low Poly Ultimate Pack/T/- Prefabs_T/Scifi_T/scifi-planet-base-hall-one-end.prefab
  artifactKey: Guid(f28d97c3ea1ae3d428c6edad488a1223) Importer(815301076,1909f56bfc062723c751e8b465ee728b)
Start importing Assets/polyperfect/Low Poly Ultimate Pack/T/- Prefabs_T/Scifi_T/scifi-planet-base-hall-one-end.prefab using Guid(f28d97c3ea1ae3d428c6edad488a1223) Importer(815301076,1909f56bfc062723c751e8b465ee728b) (PreviewImporter) -> (artifact id: 'eacbe23eb9295b1562dd784cbdbb44b8') in 0.0298635 seconds
Number of updated asset objects reloaded before import = 0Number of asset objects unloaded after import = 12

========================================================================
Received Import Request.
  Time since last request: 0.000026 seconds.
  path: Assets/polyperfect/Low Poly Ultimate Pack/T/- Prefabs_T/Scifi_T/scifi-planet-base-connector-tri.prefab
  artifactKey: Guid(d8992959838f6db48b1e88b78ac796b7) Importer(815301076,1909f56bfc062723c751e8b465ee728b)
Start importing Assets/polyperfect/Low Poly Ultimate Pack/T/- Prefabs_T/Scifi_T/scifi-planet-base-connector-tri.prefab using Guid(d8992959838f6db48b1e88b78ac796b7) Importer(815301076,1909f56bfc062723c751e8b465ee728b) (PreviewImporter) -> (artifact id: 'ed2b505683e4fb145dec6344ffcae26f') in 0.029648 seconds
Number of updated asset objects reloaded before import = 0Number of asset objects unloaded after import = 12

========================================================================
Received Import Request.
  Time since last request: 0.000022 seconds.
  path: Assets/polyperfect/Low Poly Ultimate Pack/T/- Meshes_T/Scifi_T/scifi-planet-base-connector-four.fbx
  artifactKey: Guid(c095b279257d8a847aaa2559097b4099) Importer(815301076,1909f56bfc062723c751e8b465ee728b)
Start importing Assets/polyperfect/Low Poly Ultimate Pack/T/- Meshes_T/Scifi_T/scifi-planet-base-connector-four.fbx using Guid(c095b279257d8a847aaa2559097b4099) Importer(815301076,1909f56bfc062723c751e8b465ee728b) (PreviewImporter) -> (artifact id: 'ed45f051353fe8ffdca1ed993e25f314') in 0.0321122 seconds
Number of updated asset objects reloaded before import = 0Number of asset objects unloaded after import = 7

Editor requested this worker to shutdown with reason: Scaling down because of idle timeout
AssetImportWorker is now disconnected from the server
Process exiting
Exiting without the bug reporter. Application will terminate with return code 0